#
# A fatal error has been detected by the Java Runtime Environment:
#
#  EXCEPTION_UNCAUGHT_CXX_EXCEPTION (0xe06d7363) at pc=0x00007ffd6315fe7c, pid=13464, tid=15116
#
# JRE version: Java(TM) SE Runtime Environment (19.0.1+10) (build 19.0.1+10-21)
# Java VM: Java HotSpot(TM) 64-Bit Server VM (19.0.1+10-21, mixed mode, sharing, tiered, compressed oops, compressed class ptrs, g1 gc, windows-amd64)
# Problematic frame:
# C  [KERNELBASE.dll+0x8fe7c]
#
# No core dump will be written. Minidumps are not enabled by default on client versions of Windows
#
# If you would like to submit a bug report, please visit:
#   https://bugreport.java.com/bugreport/crash.jsp
# The crash happened outside the Java Virtual Machine in native code.
# See problematic frame for where to report the bug.
#

---------------  S U M M A R Y ------------

Command Line: --module-path=C:\Program Files\Java\javafx-sdk-19.0.2.1\lib --add-modules=javafx.controls,javafx.fxml -Djava.library.path=C:\Users\Administrator\Desktop\opencv\build\java\x64 -Dfile.encoding=UTF-8 -XX:+ShowCodeDetailsInExceptionMessages application.Main

Host: Intel(R) Core(TM) i7-10750H CPU @ 2.60GHz, 12 cores, 15G,  Windows 11 , 64 bit Build 22621 (10.0.22621.1344)
Time: Sat Mar 18 23:30:54 2023 India Standard Time elapsed time: 36.902926 seconds (0d 0h 0m 36s)

---------------  T H R E A D  ---------------

Current thread (0x00000146d3075ea0):  JavaThread "Thread-4" [_thread_in_native, id=15116, stack(0x0000000af9400000,0x0000000af9500000)]

Stack: [0x0000000af9400000,0x0000000af9500000],  sp=0x0000000af94ef0b0,  free space=956k
Native frames: (J=compiled Java code, j=interpreted, Vv=VM code, C=native code)
C  [KERNELBASE.dll+0x8fe7c]
C  [msvcr120.dll+0x5ef63]

Java frames: (J=compiled Java code, j=interpreted, Vv=VM code)
j  org.bytedeco.javacpp.opencv_core.cvClearMemStorage(Lorg/bytedeco/javacpp/opencv_core$CvMemStorage;)V+0
j  application.FaceDetector.run()V+243
j  java.lang.Thread.run()V+13 java.base@19.0.1
v  ~StubRoutines::call_stub 0x00000146bab3100e

siginfo: EXCEPTION_UNCAUGHT_CXX_EXCEPTION (0xe06d7363), ExceptionInformation=0x0000000019930520 0x0000000af94ef240 0x00007ffcf6b0cd78 0x00007ffcf68c0000 


Registers:
RAX=0x0000000000000000, RBX=0x00007ffcf6b0cd78, RCX=0x0000000000000000, RDX=0x0000000000000000
RSP=0x0000000af94ef0b0, RBP=0x0000000af94ef1f0, RSI=0x00007ffcf6a9d5f8, RDI=0x0000000af94ef240
R8 =0x0000000000000000, R9 =0x0000000000000000, R10=0x0000000000000000, R11=0x0000000000000000
R12=0x00000000ffffffe5, R13=0x0000000000000000, R14=0x00007ffcf6a9d520, R15=0x0000000af94ff3e8
RIP=0x00007ffd6315fe7c, EFLAGS=0x0000000000000202


Register to memory mapping:

RIP=0x00007ffd6315fe7c KERNELBASE.dll
RAX=0x0 is NULL
RBX=0x00007ffcf6b0cd78 opencv_core320.dll
RCX=0x0 is NULL
RDX=0x0 is NULL
RSP=0x0000000af94ef0b0 is pointing into the stack for thread: 0x00000146d3075ea0
RBP=0x0000000af94ef1f0 is pointing into the stack for thread: 0x00000146d3075ea0
RSI=0x00007ffcf6a9d5f8 opencv_core320.dll
RDI=0x0000000af94ef240 is pointing into the stack for thread: 0x00000146d3075ea0
R8 =0x0 is NULL
R9 =0x0 is NULL
R10=0x0 is NULL
R11=0x0 is NULL
R12=0x00000000ffffffe5 is an unknown value
R13=0x0 is NULL
R14=0x00007ffcf6a9d520 opencv_core320.dll
R15=0x0000000af94ff3e8 is pointing into the stack for thread: 0x00000146d3075ea0


Top of Stack: (sp=0x0000000af94ef0b0)
0x0000000af94ef0b0:   0000000000000000 00007ffcf6b0cd78
0x0000000af94ef0c0:   00007ffcf6a9d5f8 0000000000000000
0x0000000af94ef0d0:   00000081e06d7363 0000000000000000
0x0000000af94ef0e0:   00007ffd6315fe7c 0000014600000004
0x0000000af94ef0f0:   0000000019930520 0000000af94ef240
0x0000000af94ef100:   00007ffcf6b0cd78 00007ffcf68c0000
0x0000000af94ef110:   0000000000000000 00007ffd19bba158
0x0000000af94ef120:   0000000000000000 00007ffcf6b0cd78
0x0000000af94ef130:   00007ffcf6a9d520 00007ffd65c6655f
0x0000000af94ef140:   0000000af94ef200 00007ffcf6b2f000
0x0000000af94ef150:   00007ffcf6a9d5f8 0000000af94ef240
0x0000000af94ef160:   00007ffcf6b2f000 00007ffcf68c0000
0x0000000af94ef170:   000096e0433d7a25 00007ffd19c2c4d0
0x0000000af94ef180:   00007ffcf6b0cd78 00007ffd19baef63
0x0000000af94ef190:   0000000af94ef240 00007ffd19b7eb8d
0x0000000af94ef1a0:   00007ffd19c2c4d0 00007ffcf6a9d5f8 

Instructions: (pc=0x00007ffd6315fe7c)
0x00007ffd6315fd7c:   ff 4c 8d 05 94 24 29 00 33 d2 b9 00 00 10 00 e8
0x00007ffd6315fd8c:   c0 41 fb ff 4c 8b f0 48 89 44 24 58 48 85 c0 0f
0x00007ffd6315fd9c:   84 0b fe ff ff 4c 8d 05 58 24 29 00 33 d2 8d 4a
0x00007ffd6315fdac:   02 e8 9e 41 fb ff 48 8b f8 48 89 44 24 50 e9 ed
0x00007ffd6315fdbc:   fd ff ff 45 33 c0 49 8b d7 48 83 c9 ff e8 12 f1
0x00007ffd6315fdcc:   fe ff e9 08 ff ff ff 48 8b 0d 16 fe 2b 00 e8 01
0x00007ffd6315fddc:   c0 fa ff 48 8b cf e8 a9 99 f9 ff e9 f8 fe ff ff
0x00007ffd6315fdec:   49 8b ce e8 9c 99 f9 ff e9 f4 fe ff ff 48 8b ce
0x00007ffd6315fdfc:   e8 8f 99 f9 ff e9 f0 fe ff ff cc cc 71 18 d3 7a
0x00007ffd6315fe0c:   1a 87 89 f9 48 81 ec d8 00 00 00 48 8b 05 62 d1
0x00007ffd6315fe1c:   2b 00 48 33 c4 48 89 84 24 c0 00 00 00 48 83 64
0x00007ffd6315fe2c:   24 28 00 48 8d 05 da ff ff ff 83 e2 01 89 4c 24
0x00007ffd6315fe3c:   20 89 54 24 24 48 89 44 24 30 4d 85 c9 74 4f b8
0x00007ffd6315fe4c:   0f 00 00 00 48 8d 4c 24 40 44 3b c0 49 8b d1 41
0x00007ffd6315fe5c:   0f 46 c0 44 8b c0 44 89 44 24 38 49 c1 e0 03 e8
0x00007ffd6315fe6c:   e7 e0 02 00 48 8d 4c 24 20 48 ff 15 d4 8b 1c 00
0x00007ffd6315fe7c:   0f 1f 44 00 00 48 8b 8c 24 c0 00 00 00 48 33 cc
0x00007ffd6315fe8c:   e8 ef 6f 02 00 48 81 c4 d8 00 00 00 c3 cc 83 64
0x00007ffd6315fe9c:   24 38 00 eb cf cc cc cc cc cc cc cc 48 8b c4 48
0x00007ffd6315feac:   89 58 08 48 89 70 10 48 89 78 18 4c 89 68 20 55
0x00007ffd6315febc:   41 56 41 57 48 8d 68 a1 48 81 ec e0 00 00 00 48
0x00007ffd6315fecc:   8b 05 ae d0 2b 00 48 33 c4 48 89 45 3f 45 33 ff
0x00007ffd6315fedc:   66 c7 45 2b 00 05 48 8d 45 c7 44 89 7d 27 48 89
0x00007ffd6315feec:   44 24 50 48 8d 4d 27 44 89 7c 24 48 45 33 c9 44
0x00007ffd6315fefc:   89 7c 24 40 45 8d 47 12 44 89 7c 24 38 b2 01 44
0x00007ffd6315ff0c:   89 7c 24 30 41 8b df 44 89 7c 24 28 41 8b ff 44
0x00007ffd6315ff1c:   89 7c 24 20 45 8b f7 44 89 7d 2f 66 c7 45 33 00
0x00007ffd6315ff2c:   01 44 89 7d 37 66 c7 45 3b 00 10 4c 89 7d c7 4c
0x00007ffd6315ff3c:   89 7d cf 4c 89 7d d7 4c 89 7d df 48 ff 15 22 8c
0x00007ffd6315ff4c:   1c 00 0f 1f 44 00 00 85 c0 0f 88 a7 02 00 00 48
0x00007ffd6315ff5c:   8d 45 cf 41 b9 20 02 00 00 48 89 44 24 50 45 8d
0x00007ffd6315ff6c:   6f 02 44 89 7c 24 48 45 8d 47 20 44 89 7c 24 40 


Stack slot to memory mapping:
stack at sp + 0 slots: 0x0 is NULL
stack at sp + 1 slots: 0x00007ffcf6b0cd78 opencv_core320.dll
stack at sp + 2 slots: 0x00007ffcf6a9d5f8 opencv_core320.dll
stack at sp + 3 slots: 0x0 is NULL
stack at sp + 4 slots: 0x00000081e06d7363 is an unknown value
stack at sp + 5 slots: 0x0 is NULL
stack at sp + 6 slots: 0x00007ffd6315fe7c KERNELBASE.dll
stack at sp + 7 slots: 0x0000014600000004 is an unknown value


---------------  P R O C E S S  ---------------

Threads class SMR info:
_java_thread_list=0x00000146d4144800, length=20, elements={
0x00000146cee03070, 0x00000146cee059b0, 0x00000146cee0b5a0, 0x00000146d3020090,
0x00000146d3021160, 0x00000146d3021a90, 0x00000146cee131f0, 0x00000146cee16830,
0x00000146cee25f70, 0x00000146d310c1a0, 0x00000146d34e0be0, 0x00000146d3a65300,
0x00000146d3aec0a0, 0x00000146d42fa060, 0x00000146d42fa5b0, 0x00000146d42f8080,
0x00000146d42f9070, 0x00000146d42f95c0, 0x00000146d3075ea0, 0x00000146d30763f0
}

Java Threads: ( => current thread )
  0x00000146cee03070 JavaThread "Reference Handler" daemon [_thread_blocked, id=5664, stack(0x0000000af6b00000,0x0000000af6c00000)]
  0x00000146cee059b0 JavaThread "Finalizer" daemon [_thread_blocked, id=12488, stack(0x0000000af6c00000,0x0000000af6d00000)]
  0x00000146cee0b5a0 JavaThread "Signal Dispatcher" daemon [_thread_blocked, id=16116, stack(0x0000000af6d00000,0x0000000af6e00000)]
  0x00000146d3020090 JavaThread "Attach Listener" daemon [_thread_blocked, id=17620, stack(0x0000000af6e00000,0x0000000af6f00000)]
  0x00000146d3021160 JavaThread "Service Thread" daemon [_thread_blocked, id=25004, stack(0x0000000af6f00000,0x0000000af7000000)]
  0x00000146d3021a90 JavaThread "Monitor Deflation Thread" daemon [_thread_blocked, id=13820, stack(0x0000000af7000000,0x0000000af7100000)]
  0x00000146cee131f0 JavaThread "C2 CompilerThread0" daemon [_thread_blocked, id=18044, stack(0x0000000af7100000,0x0000000af7200000)]
  0x00000146cee16830 JavaThread "C1 CompilerThread0" daemon [_thread_blocked, id=3760, stack(0x0000000af7200000,0x0000000af7300000)]
  0x00000146cee25f70 JavaThread "Sweeper thread" daemon [_thread_blocked, id=1444, stack(0x0000000af7300000,0x0000000af7400000)]
  0x00000146d310c1a0 JavaThread "Common-Cleaner" daemon [_thread_blocked, id=13008, stack(0x0000000af7400000,0x0000000af7500000)]
  0x00000146d34e0be0 JavaThread "Notification Thread" daemon [_thread_blocked, id=18704, stack(0x0000000af7700000,0x0000000af7800000)]
  0x00000146d3a65300 JavaThread "InvokeLaterDispatcher" daemon [_thread_blocked, id=28260, stack(0x0000000af7a00000,0x0000000af7b00000)]
  0x00000146d3aec0a0 JavaThread "Thread-2" daemon [_thread_in_native, id=14472, stack(0x0000000af7f00000,0x0000000af8000000)]
  0x00000146d42fa060 JavaThread "JavaCPP Deallocator" daemon [_thread_blocked, id=31392, stack(0x0000000af8600000,0x0000000af8700000)]
  0x00000146d42fa5b0 JavaThread "Java2D Disposer" daemon [_thread_blocked, id=19048, stack(0x0000000af8700000,0x0000000af8800000)]
  0x00000146d42f8080 JavaThread "AWT-Windows" daemon [_thread_in_native, id=30628, stack(0x0000000af8900000,0x0000000af8a00000)]
  0x00000146d42f9070 JavaThread "Prism Font Disposer" daemon [_thread_blocked, id=7708, stack(0x0000000af8d00000,0x0000000af8e00000)]
  0x00000146d42f95c0 JavaThread "Cleaner-0" daemon [_thread_blocked, id=25496, stack(0x0000000af9300000,0x0000000af9400000)]
=>0x00000146d3075ea0 JavaThread "Thread-4" [_thread_in_native, id=15116, stack(0x0000000af9400000,0x0000000af9500000)]
  0x00000146d30763f0 JavaThread "DestroyJavaVM" [_thread_blocked, id=23536, stack(0x0000000af6400000,0x0000000af6500000)]

Other Threads:
  0x00000146cede7960 VMThread "VM Thread" [stack: 0x0000000af6a00000,0x0000000af6b00000] [id=24608]
  0x00000146d33a4bd0 WatcherThread "VM Periodic Task Thread" [stack: 0x0000000af7800000,0x0000000af7900000] [id=8724]
  0x00000146ab721570 WorkerThread "GC Thread#0" [stack: 0x0000000af6500000,0x0000000af6600000] [id=7264]
  0x00000146d3b5f670 WorkerThread "GC Thread#1" [stack: 0x0000000af8100000,0x0000000af8200000] [id=13368]
  0x00000146d3aef5c0 WorkerThread "GC Thread#2" [stack: 0x0000000af8200000,0x0000000af8300000] [id=24340]
  0x00000146d3acc120 WorkerThread "GC Thread#3" [stack: 0x0000000af8300000,0x0000000af8400000] [id=17048]
  0x00000146d40519c0 WorkerThread "GC Thread#4" [stack: 0x0000000af8400000,0x0000000af8500000] [id=25580]
  0x00000146d40508e0 WorkerThread "GC Thread#5" [stack: 0x0000000af8500000,0x0000000af8600000] [id=4128]
  0x00000146d40516f0 WorkerThread "GC Thread#6" [stack: 0x0000000af8e00000,0x0000000af8f00000] [id=15944]
  0x00000146d4051c90 WorkerThread "GC Thread#7" [stack: 0x0000000af8f00000,0x0000000af9000000] [id=26304]
  0x00000146d4050bb0 WorkerThread "GC Thread#8" [stack: 0x0000000af9000000,0x0000000af9100000] [id=21364]
  0x00000146d4050e80 WorkerThread "GC Thread#9" [stack: 0x0000000af9100000,0x0000000af9200000] [id=14656]
  0x00000146ab732060 ConcurrentGCThread "G1 Main Marker" [stack: 0x0000000af6600000,0x0000000af6700000] [id=276]
  0x00000146ab733430 WorkerThread "G1 Conc#0" [stack: 0x0000000af6700000,0x0000000af6800000] [id=8028]
  0x00000146d4052500 WorkerThread "G1 Conc#1" [stack: 0x0000000af8800000,0x0000000af8900000] [id=12324]
  0x00000146d4051150 WorkerThread "G1 Conc#2" [stack: 0x0000000af9200000,0x0000000af9300000] [id=3132]
  0x00000146ceca1cc0 ConcurrentGCThread "G1 Refine#0" [stack: 0x0000000af6800000,0x0000000af6900000] [id=25044]
  0x00000146ceca2700 ConcurrentGCThread "G1 Service" [stack: 0x0000000af6900000,0x0000000af6a00000] [id=13784]

Threads with active compile tasks:

VM state: not at safepoint (normal execution)

VM Mutex/Monitor currently owned by a thread: None

Heap address: 0x0000000703600000, size: 4042 MB, Compressed Oops mode: Zero based, Oop shift amount: 3

CDS archive(s) mapped at: [0x0000000800000000-0x0000000800c40000-0x0000000800c40000), size 12845056, SharedBaseAddress: 0x0000000800000000, ArchiveRelocationMode: 0.
Compressed class space mapped at: 0x0000000801000000-0x0000000841000000, reserved size: 1073741824
Narrow klass base: 0x0000000800000000, Narrow klass shift: 0, Narrow klass range: 0x100000000

GC Precious Log:
 CardTable entry size: 512
 Card Set container configuration: InlinePtr #cards 4 size 8 Array Of Cards #cards 16 size 48 Howl #buckets 8 coarsen threshold 3686 Howl Bitmap #cards 512 size 80 coarsen threshold 460 Card regions per heap region 1 cards per card region 4096
 CPUs: 12 total, 12 available
 Memory: 16166M
 Large Page Support: Disabled
 NUMA Support: Disabled
 Compressed Oops: Enabled (Zero based)
 Heap Region Size: 2M
 Heap Min Capacity: 8M
 Heap Initial Capacity: 254M
 Heap Max Capacity: 4042M
 Pre-touch: Disabled
 Parallel Workers: 10
 Concurrent Workers: 3
 Concurrent Refinement Workers: 10
 Periodic GC: Disabled

Heap:
 garbage-first heap   total 178176K, used 99052K [0x0000000703600000, 0x0000000800000000)
  region size 2048K, 29 young (59392K), 6 survivors (12288K)
 Metaspace       used 28176K, committed 28608K, reserved 1114112K
  class space    used 3649K, committed 3840K, reserved 1048576K

Heap Regions: E=young(eden), S=young(survivor), O=old, HS=humongous(starts), HC=humongous(continues), CS=collection set, F=free, OA=open archive, CA=closed archive, TAMS=top-at-mark-start (previous, next)
|   0|0x0000000703600000, 0x0000000703800000, 0x0000000703800000|100%| O|  |TAMS 0x0000000703800000, 0x0000000703600000| Untracked 
|   1|0x0000000703800000, 0x000000070391b800, 0x0000000703a00000| 55%| O|  |TAMS 0x000000070391b800, 0x0000000703800000| Complete 
|   2|0x0000000703a00000, 0x0000000703c00000, 0x0000000703c00000|100%|HS|  |TAMS 0x0000000703c00000, 0x0000000703a00000| Complete 
|   3|0x0000000703c00000, 0x0000000703e00000, 0x0000000703e00000|100%|HC|  |TAMS 0x0000000703e00000, 0x0000000703c00000| Complete 
|   4|0x0000000703e00000, 0x0000000704000000, 0x0000000704000000|100%|HC|  |TAMS 0x0000000704000000, 0x0000000703e00000| Complete 
|   5|0x0000000704000000, 0x0000000704200000, 0x0000000704200000|100%|HC|  |TAMS 0x0000000704200000, 0x0000000704000000| Complete 
|   6|0x0000000704200000, 0x0000000704400000, 0x0000000704400000|100%|HC|  |TAMS 0x0000000704400000, 0x0000000704200000| Complete 
|   7|0x0000000704400000, 0x0000000704600000, 0x0000000704600000|100%|HC|  |TAMS 0x0000000704600000, 0x0000000704400000| Complete 
|   8|0x0000000704600000, 0x0000000704800000, 0x0000000704800000|100%|HC|  |TAMS 0x0000000704800000, 0x0000000704600000| Complete 
|   9|0x0000000704800000, 0x0000000704a00000, 0x0000000704a00000|100%|HC|  |TAMS 0x0000000704a00000, 0x0000000704800000| Complete 
|  10|0x0000000704a00000, 0x0000000704c00000, 0x0000000704c00000|100%|HC|  |TAMS 0x0000000704c00000, 0x0000000704a00000| Complete 
|  11|0x0000000704c00000, 0x0000000704e00000, 0x0000000704e00000|100%|HC|  |TAMS 0x0000000704e00000, 0x0000000704c00000| Complete 
|  12|0x0000000704e00000, 0x0000000705000000, 0x0000000705000000|100%|HS|  |TAMS 0x0000000705000000, 0x0000000704e00000| Complete 
|  13|0x0000000705000000, 0x0000000705200000, 0x0000000705200000|100%|HS|  |TAMS 0x0000000705200000, 0x0000000705000000| Complete 
|  14|0x0000000705200000, 0x0000000705400000, 0x0000000705400000|100%|HC|  |TAMS 0x0000000705400000, 0x0000000705200000| Complete 
|  15|0x0000000705400000, 0x0000000705600000, 0x0000000705600000|100%|HS|  |TAMS 0x0000000705600000, 0x0000000705400000| Complete 
|  16|0x0000000705600000, 0x0000000705800000, 0x0000000705800000|100%|HC|  |TAMS 0x0000000705800000, 0x0000000705600000| Complete 
|  17|0x0000000705800000, 0x0000000705a00000, 0x0000000705a00000|100%|HC|  |TAMS 0x0000000705a00000, 0x0000000705800000| Complete 
|  18|0x0000000705a00000, 0x0000000705c00000, 0x0000000705c00000|100%|HS|  |TAMS 0x0000000705c00000, 0x0000000705a00000| Complete 
|  19|0x0000000705c00000, 0x0000000705e00000, 0x0000000705e00000|100%|HS|  |TAMS 0x0000000705c00000, 0x0000000705c00000| Complete 
|  20|0x0000000705e00000, 0x0000000706000000, 0x0000000706000000|100%|HS|  |TAMS 0x0000000705e00000, 0x0000000705e00000| Complete 
|  21|0x0000000706000000, 0x0000000706000000, 0x0000000706200000|  0%| F|  |TAMS 0x0000000706000000, 0x0000000706000000| Untracked 
|  22|0x0000000706200000, 0x0000000706200000, 0x0000000706400000|  0%| F|  |TAMS 0x0000000706200000, 0x0000000706200000| Untracked 
|  23|0x0000000706400000, 0x0000000706400000, 0x0000000706600000|  0%| F|  |TAMS 0x0000000706400000, 0x0000000706400000| Untracked 
|  24|0x0000000706600000, 0x0000000706600000, 0x0000000706800000|  0%| F|  |TAMS 0x0000000706600000, 0x0000000706600000| Untracked 
|  25|0x0000000706800000, 0x0000000706800000, 0x0000000706a00000|  0%| F|  |TAMS 0x0000000706800000, 0x0000000706800000| Untracked 
|  26|0x0000000706a00000, 0x0000000706a00000, 0x0000000706c00000|  0%| F|  |TAMS 0x0000000706a00000, 0x0000000706a00000| Untracked 
|  27|0x0000000706c00000, 0x0000000706c00000, 0x0000000706e00000|  0%| F|  |TAMS 0x0000000706c00000, 0x0000000706c00000| Untracked 
|  28|0x0000000706e00000, 0x0000000706e00000, 0x0000000707000000|  0%| F|  |TAMS 0x0000000706e00000, 0x0000000706e00000| Untracked 
|  29|0x0000000707000000, 0x0000000707000000, 0x0000000707200000|  0%| F|  |TAMS 0x0000000707000000, 0x0000000707000000| Untracked 
|  30|0x0000000707200000, 0x0000000707200000, 0x0000000707400000|  0%| F|  |TAMS 0x0000000707200000, 0x0000000707200000| Untracked 
|  31|0x0000000707400000, 0x0000000707400000, 0x0000000707600000|  0%| F|  |TAMS 0x0000000707400000, 0x0000000707400000| Untracked 
|  32|0x0000000707600000, 0x0000000707600000, 0x0000000707800000|  0%| F|  |TAMS 0x0000000707600000, 0x0000000707600000| Untracked 
|  33|0x0000000707800000, 0x0000000707800000, 0x0000000707a00000|  0%| F|  |TAMS 0x0000000707800000, 0x0000000707800000| Untracked 
|  34|0x0000000707a00000, 0x0000000707a00000, 0x0000000707c00000|  0%| F|  |TAMS 0x0000000707a00000, 0x0000000707a00000| Untracked 
|  35|0x0000000707c00000, 0x0000000707c00000, 0x0000000707e00000|  0%| F|  |TAMS 0x0000000707c00000, 0x0000000707c00000| Untracked 
|  36|0x0000000707e00000, 0x0000000707e00000, 0x0000000708000000|  0%| F|  |TAMS 0x0000000707e00000, 0x0000000707e00000| Untracked 
|  37|0x0000000708000000, 0x0000000708000000, 0x0000000708200000|  0%| F|  |TAMS 0x0000000708000000, 0x0000000708000000| Untracked 
|  38|0x0000000708200000, 0x0000000708200000, 0x0000000708400000|  0%| F|  |TAMS 0x0000000708200000, 0x0000000708200000| Untracked 
|  39|0x0000000708400000, 0x0000000708400000, 0x0000000708600000|  0%| F|  |TAMS 0x0000000708400000, 0x0000000708400000| Untracked 
|  40|0x0000000708600000, 0x0000000708600000, 0x0000000708800000|  0%| F|  |TAMS 0x0000000708600000, 0x0000000708600000| Untracked 
|  41|0x0000000708800000, 0x0000000708800000, 0x0000000708a00000|  0%| F|  |TAMS 0x0000000708800000, 0x0000000708800000| Untracked 
|  42|0x0000000708a00000, 0x0000000708a00000, 0x0000000708c00000|  0%| F|  |TAMS 0x0000000708a00000, 0x0000000708a00000| Untracked 
|  43|0x0000000708c00000, 0x0000000708c00000, 0x0000000708e00000|  0%| F|  |TAMS 0x0000000708c00000, 0x0000000708c00000| Untracked 
|  44|0x0000000708e00000, 0x0000000708e00000, 0x0000000709000000|  0%| F|  |TAMS 0x0000000708e00000, 0x0000000708e00000| Untracked 
|  45|0x0000000709000000, 0x0000000709000000, 0x0000000709200000|  0%| F|  |TAMS 0x0000000709000000, 0x0000000709000000| Untracked 
|  46|0x0000000709200000, 0x0000000709200000, 0x0000000709400000|  0%| F|  |TAMS 0x0000000709200000, 0x0000000709200000| Untracked 
|  47|0x0000000709400000, 0x0000000709400000, 0x0000000709600000|  0%| F|  |TAMS 0x0000000709400000, 0x0000000709400000| Untracked 
|  48|0x0000000709600000, 0x0000000709600000, 0x0000000709800000|  0%| F|  |TAMS 0x0000000709600000, 0x0000000709600000| Untracked 
|  49|0x0000000709800000, 0x0000000709800000, 0x0000000709a00000|  0%| F|  |TAMS 0x0000000709800000, 0x0000000709800000| Untracked 
|  50|0x0000000709a00000, 0x0000000709a00000, 0x0000000709c00000|  0%| F|  |TAMS 0x0000000709a00000, 0x0000000709a00000| Untracked 
|  51|0x0000000709c00000, 0x0000000709c00000, 0x0000000709e00000|  0%| F|  |TAMS 0x0000000709c00000, 0x0000000709c00000| Untracked 
|  52|0x0000000709e00000, 0x0000000709e00000, 0x000000070a000000|  0%| F|  |TAMS 0x0000000709e00000, 0x0000000709e00000| Untracked 
|  53|0x000000070a000000, 0x000000070a000000, 0x000000070a200000|  0%| F|  |TAMS 0x000000070a000000, 0x000000070a000000| Untracked 
|  54|0x000000070a200000, 0x000000070a200000, 0x000000070a400000|  0%| F|  |TAMS 0x000000070a200000, 0x000000070a200000| Untracked 
|  55|0x000000070a400000, 0x000000070a400000, 0x000000070a600000|  0%| F|  |TAMS 0x000000070a400000, 0x000000070a400000| Untracked 
|  56|0x000000070a600000, 0x000000070a600000, 0x000000070a800000|  0%| F|  |TAMS 0x000000070a600000, 0x000000070a600000| Untracked 
|  57|0x000000070a800000, 0x000000070a800000, 0x000000070aa00000|  0%| F|  |TAMS 0x000000070a800000, 0x000000070a800000| Untracked 
|  58|0x000000070aa00000, 0x000000070abf9e00, 0x000000070ac00000| 98%| E|  |TAMS 0x000000070aa00000, 0x000000070aa00000| Complete 
|  59|0x000000070ac00000, 0x000000070ae00000, 0x000000070ae00000|100%| E|CS|TAMS 0x000000070ac00000, 0x000000070ac00000| Complete 
|  60|0x000000070ae00000, 0x000000070b000000, 0x000000070b000000|100%| E|CS|TAMS 0x000000070ae00000, 0x000000070ae00000| Complete 
|  61|0x000000070b000000, 0x000000070b200000, 0x000000070b200000|100%| E|CS|TAMS 0x000000070b000000, 0x000000070b000000| Complete 
|  62|0x000000070b200000, 0x000000070b400000, 0x000000070b400000|100%| E|CS|TAMS 0x000000070b200000, 0x000000070b200000| Complete 
|  63|0x000000070b400000, 0x000000070b600000, 0x000000070b600000|100%| E|CS|TAMS 0x000000070b400000, 0x000000070b400000| Complete 
|  64|0x000000070b600000, 0x000000070b800000, 0x000000070b800000|100%| E|CS|TAMS 0x000000070b600000, 0x000000070b600000| Complete 
|  65|0x000000070b800000, 0x000000070ba00000, 0x000000070ba00000|100%| E|CS|TAMS 0x000000070b800000, 0x000000070b800000| Complete 
|  66|0x000000070ba00000, 0x000000070bc00000, 0x000000070bc00000|100%| E|CS|TAMS 0x000000070ba00000, 0x000000070ba00000| Complete 
|  67|0x000000070bc00000, 0x000000070be00000, 0x000000070be00000|100%| E|CS|TAMS 0x000000070bc00000, 0x000000070bc00000| Complete 
|  68|0x000000070be00000, 0x000000070c000000, 0x000000070c000000|100%| E|CS|TAMS 0x000000070be00000, 0x000000070be00000| Complete 
|  69|0x000000070c000000, 0x000000070c200000, 0x000000070c200000|100%| E|CS|TAMS 0x000000070c000000, 0x000000070c000000| Complete 
|  70|0x000000070c200000, 0x000000070c400000, 0x000000070c400000|100%| E|CS|TAMS 0x000000070c200000, 0x000000070c200000| Complete 
|  71|0x000000070c400000, 0x000000070c600000, 0x000000070c600000|100%| E|CS|TAMS 0x000000070c400000, 0x000000070c400000| Complete 
|  72|0x000000070c600000, 0x000000070c800000, 0x000000070c800000|100%| E|CS|TAMS 0x000000070c600000, 0x000000070c600000| Complete 
|  73|0x000000070c800000, 0x000000070ca00000, 0x000000070ca00000|100%| E|CS|TAMS 0x000000070c800000, 0x000000070c800000| Complete 
|  74|0x000000070ca00000, 0x000000070cc00000, 0x000000070cc00000|100%| E|CS|TAMS 0x000000070ca00000, 0x000000070ca00000| Complete 
|  75|0x000000070cc00000, 0x000000070ce00000, 0x000000070ce00000|100%| E|CS|TAMS 0x000000070cc00000, 0x000000070cc00000| Complete 
|  76|0x000000070ce00000, 0x000000070d000000, 0x000000070d000000|100%| E|CS|TAMS 0x000000070ce00000, 0x000000070ce00000| Complete 
|  77|0x000000070d000000, 0x000000070d200000, 0x000000070d200000|100%| E|CS|TAMS 0x000000070d000000, 0x000000070d000000| Complete 
|  78|0x000000070d200000, 0x000000070d400000, 0x000000070d400000|100%| E|CS|TAMS 0x000000070d200000, 0x000000070d200000| Complete 
|  79|0x000000070d400000, 0x000000070d600000, 0x000000070d600000|100%| E|CS|TAMS 0x000000070d400000, 0x000000070d400000| Complete 
| 109|0x0000000711000000, 0x000000071119f928, 0x0000000711200000| 81%| S|CS|TAMS 0x0000000711000000, 0x0000000711000000| Complete 
| 110|0x0000000711200000, 0x0000000711400000, 0x0000000711400000|100%| S|CS|TAMS 0x0000000711200000, 0x0000000711200000| Complete 
| 111|0x0000000711400000, 0x0000000711600000, 0x0000000711600000|100%| S|CS|TAMS 0x0000000711400000, 0x0000000711400000| Complete 
| 112|0x0000000711600000, 0x0000000711800000, 0x0000000711800000|100%| S|CS|TAMS 0x0000000711600000, 0x0000000711600000| Complete 
| 113|0x0000000711800000, 0x0000000711a00000, 0x0000000711a00000|100%| S|CS|TAMS 0x0000000711800000, 0x0000000711800000| Complete 
| 114|0x0000000711a00000, 0x0000000711c00000, 0x0000000711c00000|100%| S|CS|TAMS 0x0000000711a00000, 0x0000000711a00000| Complete 
| 126|0x0000000713200000, 0x0000000713400000, 0x0000000713400000|100%| E|CS|TAMS 0x0000000713200000, 0x0000000713200000| Complete 

Card table byte_map: [0x00000146c3350000,0x00000146c3b40000] _byte_map_base: 0x00000146bfb35000

Marking Bits (Prev, Next): (CMBitMap*) 0x00000146ab721ae0, (CMBitMap*) 0x00000146ab721aa0
 Prev Bits: [0x00000146c8260000, 0x00000146cc188000)
 Next Bits: [0x00000146c4330000, 0x00000146c8258000)

Polling page: 0x00000146aae60000

Metaspace:

Usage:
  Non-class:     23.95 MB used.
      Class:      3.56 MB used.
       Both:     27.52 MB used.

Virtual space:
  Non-class space:       64.00 MB reserved,      24.19 MB ( 38%) committed,  1 nodes.
      Class space:        1.00 GB reserved,       3.75 MB ( <1%) committed,  1 nodes.
             Both:        1.06 GB reserved,      27.94 MB (  3%) committed. 

Chunk freelists:
   Non-Class:  3.47 MB
       Class:  196.00 KB
        Both:  3.66 MB

MaxMetaspaceSize: unlimited
CompressedClassSpaceSize: 1.00 GB
Initial GC threshold: 21.00 MB
Current GC threshold: 35.12 MB
CDS: on
MetaspaceReclaimPolicy: balanced
 - commit_granule_bytes: 65536.
 - commit_granule_words: 8192.
 - virtual_space_node_default_size: 8388608.
 - enlarge_chunks_in_place: 1.
 - new_chunks_are_fully_committed: 0.
 - uncommit_free_chunks: 1.
 - use_allocation_guard: 0.


Internal statistics:

num_allocs_failed_limit: 3.
num_arena_births: 522.
num_arena_deaths: 0.
num_vsnodes_births: 2.
num_vsnodes_deaths: 0.
num_space_committed: 447.
num_space_uncommitted: 0.
num_chunks_returned_to_freelist: 3.
num_chunks_taken_from_freelist: 1339.
num_chunk_merges: 3.
num_chunk_splits: 958.
num_chunks_enlarged: 751.
num_inconsistent_stats: 0.

CodeHeap 'non-profiled nmethods': size=120000Kb used=2283Kb max_used=2283Kb free=117716Kb
 bounds [0x00000146bb0d0000, 0x00000146bb340000, 0x00000146c2600000]
CodeHeap 'profiled nmethods': size=120000Kb used=10265Kb max_used=10265Kb free=109734Kb
 bounds [0x00000146b3600000, 0x00000146b4010000, 0x00000146bab30000]
CodeHeap 'non-nmethods': size=5760Kb used=1720Kb max_used=1739Kb free=4040Kb
 bounds [0x00000146bab30000, 0x00000146bada0000, 0x00000146bb0d0000]
 total_blobs=5961 nmethods=4901 adapters=968
 compilation: enabled
              stopped_count=0, restarted_count=0
 full_count=0

Compilation events (20 events):
Event: 36.894 Thread 0x00000146cee16830 4894       1       sun.java2d.loops.GraphicsPrimitive::getUniqueID (5 bytes)
Event: 36.894 Thread 0x00000146cee16830 nmethod 4894 0x00000146bb30a390 code [0x00000146bb30a520, 0x00000146bb30a5d8]
Event: 36.894 Thread 0x00000146cee16830 4895       3       sun.java2d.loops.GraphicsPrimitiveMgr$1::compare (13 bytes)
Event: 36.894 Thread 0x00000146cee16830 nmethod 4895 0x00000146b4002610 code [0x00000146b40027e0, 0x00000146b4002cd8]
Event: 36.894 Thread 0x00000146cee16830 4896       3       sun.java2d.loops.GraphicsPrimitiveMgr$1::compare (18 bytes)
Event: 36.894 Thread 0x00000146cee131f0 4897       4       java.lang.Integer::compare (20 bytes)
Event: 36.894 Thread 0x00000146cee16830 nmethod 4896 0x00000146b4002e90 code [0x00000146b4003060, 0x00000146b40032f8]
Event: 36.894 Thread 0x00000146cee16830 4898       3       java.util.TimSort::binarySort (223 bytes)
Event: 36.895 Thread 0x00000146cee131f0 nmethod 4897 0x00000146bb30a690 code [0x00000146bb30a800, 0x00000146bb30a878]
Event: 36.895 Thread 0x00000146cee16830 nmethod 4898 0x00000146b4003410 code [0x00000146b4003640, 0x00000146b4004198]
Event: 36.895 Thread 0x00000146cee16830 4899       3       sun.java2d.loops.GraphicsPrimitiveMgr$2::compare (24 bytes)
Event: 36.895 Thread 0x00000146cee16830 nmethod 4899 0x00000146b4004490 code [0x00000146b4004660, 0x00000146b4004ad8]
Event: 36.895 Thread 0x00000146cee16830 4900       1       sun.java2d.loops.CompositeType::getSuperType (5 bytes)
Event: 36.895 Thread 0x00000146cee16830 nmethod 4900 0x00000146bb30a990 code [0x00000146bb30ab20, 0x00000146bb30abf8]
Event: 36.895 Thread 0x00000146cee16830 4901       3       java.util.Arrays::binarySearch0 (95 bytes)
Event: 36.895 Thread 0x00000146cee16830 nmethod 4901 0x00000146b4004c10 code [0x00000146b4004e00, 0x00000146b4005238]
Event: 36.895 Thread 0x00000146cee16830 4902       3       sun.java2d.loops.GraphicsPrimitiveMgr::locate (104 bytes)
Event: 36.896 Thread 0x00000146cee16830 nmethod 4902 0x00000146b4005410 code [0x00000146b4005660, 0x00000146b40060f8]
Event: 36.896 Thread 0x00000146cee16830 4903       3       java.util.Arrays::binarySearch (10 bytes)
Event: 36.896 Thread 0x00000146cee16830 nmethod 4903 0x00000146b4006390 code [0x00000146b4006540, 0x00000146b4006668]

GC Heap History (6 events):
Event: 0.608 GC heap before
{Heap before GC invocations=0 (full 0):
 garbage-first heap   total 260096K, used 22528K [0x0000000703600000, 0x0000000800000000)
  region size 2048K, 11 young (22528K), 0 survivors (0K)
 Metaspace       used 4287K, committed 4480K, reserved 1114112K
  class space    used 476K, committed 576K, reserved 1048576K
}
Event: 0.610 GC heap after
{Heap after GC invocations=1 (full 0):
 garbage-first heap   total 260096K, used 3334K [0x0000000703600000, 0x0000000800000000)
  region size 2048K, 2 young (4096K), 2 survivors (4096K)
 Metaspace       used 4287K, committed 4480K, reserved 1114112K
  class space    used 476K, committed 576K, reserved 1048576K
}
Event: 1.474 GC heap before
{Heap before GC invocations=1 (full 0):
 garbage-first heap   total 260096K, used 40198K [0x0000000703600000, 0x0000000800000000)
  region size 2048K, 20 young (40960K), 2 survivors (4096K)
 Metaspace       used 17587K, committed 17984K, reserved 1114112K
  class space    used 2307K, committed 2496K, reserved 1048576K
}
Event: 1.481 GC heap after
{Heap after GC invocations=2 (full 0):
 garbage-first heap   total 260096K, used 8415K [0x0000000703600000, 0x0000000800000000)
  region size 2048K, 3 young (6144K), 3 survivors (6144K)
 Metaspace       used 17587K, committed 17984K, reserved 1114112K
  class space    used 2307K, committed 2496K, reserved 1048576K
}
Event: 2.063 GC heap before
{Heap before GC invocations=2 (full 0):
 garbage-first heap   total 260096K, used 63711K [0x0000000703600000, 0x0000000800000000)
  region size 2048K, 15 young (30720K), 3 survivors (6144K)
 Metaspace       used 21214K, committed 21504K, reserved 1114112K
  class space    used 3064K, committed 3200K, reserved 1048576K
}
Event: 2.070 GC heap after
{Heap after GC invocations=3 (full 0):
 garbage-first heap   total 260096K, used 49900K [0x0000000703600000, 0x0000000800000000)
  region size 2048K, 6 young (12288K), 6 survivors (12288K)
 Metaspace       used 21214K, committed 21504K, reserved 1114112K
  class space    used 3064K, committed 3200K, reserved 1048576K
}

Dll operation events (20 events):
Event: 0.723 Loaded shared library C:\Users\bhavya\.javacpp\cache\opencv-3.2.0-1.3-windows-x86_64.jar\org\bytedeco\javacpp\windows-x86_64\opencv_imgproc320.dll
Event: 0.727 Loaded shared library C:\Users\bhavya\.javacpp\cache\opencv-3.2.0-1.3-windows-x86_64.jar\org\bytedeco\javacpp\windows-x86_64\jniopencv_core.dll
Event: 0.835 Loaded shared library C:\Program Files\Java\jdk-19\bin\awt.dll
Event: 0.970 Loaded shared library C:\Program Files\Java\javafx-sdk-19.0.2.1\bin\javafx_font.dll
Event: 1.768 Loaded shared library C:\Program Files\Java\javafx-sdk-19.0.2.1\bin\javafx_iio.dll
Event: 6.193 Loaded shared library C:\Users\bhavya\.javacpp\cache\opencv-3.2.0-1.3-windows-x86_64.jar\org\bytedeco\javacpp\windows-x86_64\jniopencv_imgproc.dll
Event: 6.211 Loaded shared library C:\Users\bhavya\.javacpp\cache\opencv-3.2.0-1.3-windows-x86_64.jar\org\bytedeco\javacpp\windows-x86_64\opencv_imgcodecs320.dll
Event: 6.216 Loaded shared library C:\Users\bhavya\.javacpp\cache\opencv-3.2.0-1.3-windows-x86_64.jar\org\bytedeco\javacpp\windows-x86_64\jniopencv_imgcodecs.dll
Event: 6.256 Loaded shared library C:\Users\bhavya\.javacpp\cache\opencv-3.2.0-1.3-windows-x86_64.jar\org\bytedeco\javacpp\windows-x86_64\opencv_videoio320.dll
Event: 6.260 Loaded shared library C:\Users\bhavya\.javacpp\cache\opencv-3.2.0-1.3-windows-x86_64.jar\org\bytedeco\javacpp\windows-x86_64\jniopencv_videoio.dll
Event: 6.285 Loaded shared library C:\Users\bhavya\.javacpp\cache\opencv-3.2.0-1.3-windows-x86_64.jar\org\bytedeco\javacpp\windows-x86_64\opencv_highgui320.dll
Event: 6.289 Loaded shared library C:\Users\bhavya\.javacpp\cache\opencv-3.2.0-1.3-windows-x86_64.jar\org\bytedeco\javacpp\windows-x86_64\jniopencv_highgui.dll
Event: 6.307 Loaded shared library C:\Users\bhavya\.javacpp\cache\opencv-3.2.0-1.3-windows-x86_64.jar\org\bytedeco\javacpp\windows-x86_64\opencv_ml320.dll
Event: 6.312 Loaded shared library C:\Users\bhavya\.javacpp\cache\opencv-3.2.0-1.3-windows-x86_64.jar\org\bytedeco\javacpp\windows-x86_64\jniopencv_ml.dll
Event: 6.346 Loaded shared library C:\Users\bhavya\.javacpp\cache\opencv-3.2.0-1.3-windows-x86_64.jar\org\bytedeco\javacpp\windows-x86_64\opencv_objdetect320.dll
Event: 6.350 Loaded shared library C:\Users\bhavya\.javacpp\cache\opencv-3.2.0-1.3-windows-x86_64.jar\org\bytedeco\javacpp\windows-x86_64\jniopencv_objdetect.dll
Event: 6.379 Loaded shared library C:\Users\bhavya\.javacpp\cache\opencv-3.2.0-1.3-windows-x86_64.jar\org\bytedeco\javacpp\windows-x86_64\opencv_face320.dll
Event: 6.382 Loaded shared library C:\Users\bhavya\.javacpp\cache\opencv-3.2.0-1.3-windows-x86_64.jar\org\bytedeco\javacpp\windows-x86_64\jniopencv_face.dll
Event: 6.757 Loaded shared library C:\Program Files\Java\jdk-19\bin\verify.dll
Event: 6.898 Loaded shared library C:\Program Files\Java\jdk-19\bin\extnet.dll

Deoptimization events (20 events):
Event: 23.604 Thread 0x00000146d3a5a890 DEOPT PACKING pc=0x00000146b3d6c75a sp=0x0000000af7bfbfc0
Event: 23.604 Thread 0x00000146d3a5a890 DEOPT UNPACKING pc=0x00000146bab97543 sp=0x0000000af7bfb490 mode 0
Event: 23.604 Thread 0x00000146d3a5a890 DEOPT PACKING pc=0x00000146b3d6c75a sp=0x0000000af7bfbfc0
Event: 23.604 Thread 0x00000146d3a5a890 DEOPT UNPACKING pc=0x00000146bab97543 sp=0x0000000af7bfb490 mode 0
Event: 23.604 Thread 0x00000146d3a5a890 DEOPT PACKING pc=0x00000146b3d6c75a sp=0x0000000af7bfbfc0
Event: 23.604 Thread 0x00000146d3a5a890 DEOPT UNPACKING pc=0x00000146bab97543 sp=0x0000000af7bfb490 mode 0
Event: 23.604 Thread 0x00000146d3a5a890 DEOPT PACKING pc=0x00000146b3d6c75a sp=0x0000000af7bfbfc0
Event: 23.604 Thread 0x00000146d3a5a890 DEOPT UNPACKING pc=0x00000146bab97543 sp=0x0000000af7bfb490 mode 0
Event: 23.604 Thread 0x00000146d3a5a890 DEOPT PACKING pc=0x00000146b3d6c75a sp=0x0000000af7bfbfc0
Event: 23.604 Thread 0x00000146d3a5a890 DEOPT UNPACKING pc=0x00000146bab97543 sp=0x0000000af7bfb490 mode 0
Event: 23.604 Thread 0x00000146d3a5a890 DEOPT PACKING pc=0x00000146b3d6c75a sp=0x0000000af7bfbfc0
Event: 23.604 Thread 0x00000146d3a5a890 DEOPT UNPACKING pc=0x00000146bab97543 sp=0x0000000af7bfb490 mode 0
Event: 27.963 Thread 0x00000146d3a5a890 Uncommon trap: trap_request=0xffffff76 fr.pc=0x00000146bb2ee4e4 relative=0x0000000000000584
Event: 27.963 Thread 0x00000146d3a5a890 Uncommon trap: reason=predicate action=maybe_recompile pc=0x00000146bb2ee4e4 method=java.util.ArrayList.remove(Ljava/lang/Object;)Z @ 42 c2
Event: 27.963 Thread 0x00000146d3a5a890 DEOPT PACKING pc=0x00000146bb2ee4e4 sp=0x0000000af7bfd4d0
Event: 27.963 Thread 0x00000146d3a5a890 DEOPT UNPACKING pc=0x00000146bab96da3 sp=0x0000000af7bfd4a0 mode 2
Event: 36.778 Thread 0x00000146d3075ea0 DEOPT PACKING pc=0x00000146b3c6cc6d sp=0x0000000af94fe2a0
Event: 36.778 Thread 0x00000146d3075ea0 DEOPT UNPACKING pc=0x00000146bab97543 sp=0x0000000af94fd728 mode 0
Event: 36.797 Thread 0x00000146d3075ea0 DEOPT PACKING pc=0x00000146b3da945a sp=0x0000000af94fe530
Event: 36.797 Thread 0x00000146d3075ea0 DEOPT UNPACKING pc=0x00000146bab97543 sp=0x0000000af94fda28 mode 0

Classes loaded (20 events):
Event: 36.894 Loading class sun/java2d/loops/GraphicsPrimitiveMgr$1
Event: 36.894 Loading class sun/java2d/loops/GraphicsPrimitiveMgr$1 done
Event: 36.894 Loading class sun/java2d/loops/GraphicsPrimitiveMgr$2
Event: 36.894 Loading class sun/java2d/loops/GraphicsPrimitiveMgr$2 done
Event: 36.894 Loading class sun/java2d/loops/GraphicsPrimitiveMgr$PrimitiveSpec
Event: 36.894 Loading class sun/java2d/loops/GraphicsPrimitiveMgr$PrimitiveSpec done
Event: 36.895 Loading class sun/java2d/loops/DrawGlyphListColor
Event: 36.895 Loading class sun/java2d/loops/DrawGlyphListColor done
Event: 36.895 Loading class sun/java2d/loops/DrawGlyphListColor$General
Event: 36.895 Loading class sun/java2d/loops/DrawGlyphListColor$General done
Event: 36.895 Loading class sun/java2d/loops/Blit$GeneralMaskBlit
Event: 36.895 Loading class sun/java2d/loops/Blit$GeneralMaskBlit done
Event: 36.896 Loading class sun/awt/image/BufferedImageGraphicsConfig
Event: 36.896 Loading class java/awt/GraphicsConfiguration
Event: 36.896 Loading class java/awt/GraphicsConfiguration done
Event: 36.896 Loading class sun/awt/image/BufferedImageGraphicsConfig done
Event: 36.896 Loading class sun/awt/image/BufferedImageDevice
Event: 36.896 Loading class java/awt/GraphicsDevice
Event: 36.896 Loading class java/awt/GraphicsDevice done
Event: 36.896 Loading class sun/awt/image/BufferedImageDevice done

Classes unloaded (0 events):
No events

Classes redefined (0 events):
No events

Internal exceptions (20 events):
Event: 2.032 Thread 0x00000146d3a5a890 Exception <a 'java/lang/NoSuchMethodError'{0x0000000711f48f48}: 'java.lang.Object java.lang.invoke.DirectMethodHandle$Holder.newInvokeSpecial(java.lang.Object, java.lang.Object, long)'> (0x0000000711f48f48) 
thrown [s\open\src\hotspot\share\interpreter\linkResolver.cpp, line 774]
Event: 2.032 Thread 0x00000146d3a5a890 Exception <a 'java/lang/NoSuchMethodError'{0x0000000711f4cad0}: 'java.lang.Object java.lang.invoke.Invokers$Holder.linkToTargetMethod(java.lang.Object, long, java.lang.Object)'> (0x0000000711f4cad0) 
thrown [s\open\src\hotspot\share\interpreter\linkResolver.cpp, line 774]
Event: 2.276 Thread 0x00000146d34c5ce0 Exception <a 'java/lang/NoSuchMethodError'{0x000000070d0d6990}: 'java.lang.Object java.lang.invoke.DirectMethodHandle$Holder.invokeStaticInit(java.lang.Object, int)'> (0x000000070d0d6990) 
thrown [s\open\src\hotspot\share\interpreter\linkResolver.cpp, line 774]
Event: 6.066 Thread 0x00000146d3a5a890 Exception <a 'java/lang/NoSuchMethodError'{0x00000007132da510}: 'void java.lang.invoke.DirectMethodHandle$Holder.invokeVirtual(java.lang.Object, java.lang.Object)'> (0x00000007132da510) 
thrown [s\open\src\hotspot\share\interpreter\linkResolver.cpp, line 774]
Event: 6.450 Thread 0x00000146d3a5a890 Exception <a 'java/lang/NoSuchMethodError'{0x000000070c720ac0}: 'java.lang.Object java.lang.invoke.DirectMethodHandle$Holder.invokeStaticInit(java.lang.Object, int, int, int, int)'> (0x000000070c720ac0) 
thrown [s\open\src\hotspot\share\interpreter\linkResolver.cpp, line 774]
Event: 6.489 Thread 0x00000146d3a5a890 Exception <a 'java/lang/NoSuchMethodError'{0x000000070c7782e8}: 'java.lang.Object java.lang.invoke.DirectMethodHandle$Holder.invokeStaticInit(java.lang.Object, java.lang.Object, int, int, int, int)'> (0x000000070c7782e8) 
thrown [s\open\src\hotspot\share\interpreter\linkResolver.cpp, line 774]
Event: 6.821 Thread 0x00000146d3a5a890 Exception <a 'java/lang/NoSuchMethodError'{0x000000070bf63710}: 'java.lang.Object java.lang.invoke.DirectMethodHandle$Holder.newInvokeSpecial(java.lang.Object, java.lang.Object, int, java.lang.Object, java.lang.Object, java.lang.Object)'> (0x000000070bf63710) 
thrown [s\open\src\hotspot\share\interpreter\linkResolver.cpp, line 774]
Event: 6.822 Thread 0x00000146d3a5a890 Exception <a 'java/lang/NoSuchMethodError'{0x000000070bf6b658}: 'java.lang.Object java.lang.invoke.DelegatingMethodHandle$Holder.reinvoke_L(java.lang.Object, java.lang.Object, int, java.lang.Object, java.lang.Object, java.lang.Object)'> (0x000000070bf6b658) 
thrown [s\open\src\hotspot\share\interpreter\linkResolver.cpp, line 774]
Event: 6.987 Thread 0x00000146d3a5a890 Exception <a 'java/lang/ArrayIndexOutOfBoundsException'{0x000000070bb1a0a8}: Index 255 out of bounds for length 255> (0x000000070bb1a0a8) 
thrown [s\open\src\hotspot\share\interpreter\interpreterRuntime.cpp, line 432]
Event: 6.994 Thread 0x00000146d3a5a890 Exception <a 'java/lang/NoSuchMethodError'{0x000000070bb5ef88}: 'long java.lang.invoke.DirectMethodHandle$Holder.invokeStatic(java.lang.Object, java.lang.Object, int)'> (0x000000070bb5ef88) 
thrown [s\open\src\hotspot\share\interpreter\linkResolver.cpp, line 774]
Event: 6.994 Thread 0x00000146d3a5a890 Exception <a 'java/lang/NoSuchMethodError'{0x000000070bb69e20}: 'java.lang.Object java.lang.invoke.DelegatingMethodHandle$Holder.reinvoke_L(java.lang.Object, java.lang.Object, long, long, java.lang.Object)'> (0x000000070bb69e20) 
thrown [s\open\src\hotspot\share\interpreter\linkResolver.cpp, line 774]
Event: 7.001 Thread 0x00000146d3a5a890 Exception <a 'java/lang/NoSuchMethodError'{0x000000070bbce2c0}: 'java.lang.Object java.lang.invoke.DirectMethodHandle$Holder.invokeVirtual(java.lang.Object, java.lang.Object, java.lang.Object)'> (0x000000070bbce2c0) 
thrown [s\open\src\hotspot\share\interpreter\linkResolver.cpp, line 774]
Event: 8.685 Thread 0x00000146d3a5a890 Exception <a 'java/lang/NoSuchMethodError'{0x000000070b693260}: 'java.lang.Object java.lang.invoke.DirectMethodHandle$Holder.newInvokeSpecial(java.lang.Object, java.lang.Object, java.lang.Object, double, double, double, double, int, int, int, int, int, int, int, int, int)'> (0x000000070b693260) 
thrown [s\open\src\hotspot\share\interpreter\linkResolver.cpp, line 774]
Event: 11.588 Thread 0x00000146d3a5a890 Exception <a 'java/lang/NoSuchMethodError'{0x000000070b7d7c20}: 'java.lang.Object java.lang.invoke.DirectMethodHandle$Holder.newInvokeSpecial(java.lang.Object, java.lang.Object, int, int, int, int, int, java.lang.Object)'> (0x000000070b7d7c20) 
thrown [s\open\src\hotspot\share\interpreter\linkResolver.cpp, line 774]
Event: 11.592 Thread 0x00000146d3a5a890 Exception <a 'java/lang/NoSuchMethodError'{0x000000070b7eac08}: 'java.lang.Object java.lang.invoke.DirectMethodHandle$Holder.newInvokeSpecial(java.lang.Object, java.lang.Object, java.lang.Object, int, int, int, int, int)'> (0x000000070b7eac08) 
thrown [s\open\src\hotspot\share\interpreter\linkResolver.cpp, line 774]
Event: 11.594 Thread 0x00000146d3a5a890 Exception <a 'java/lang/NoSuchMethodError'{0x000000070b7f2478}: 'java.lang.Object java.lang.invoke.Invokers$Holder.linkToTargetMethod(java.lang.Object, java.lang.Object, int, int, int, int, int, java.lang.Object)'> (0x000000070b7f2478) 
thrown [s\open\src\hotspot\share\interpreter\linkResolver.cpp, line 774]
Event: 17.185 Thread 0x00000146d3a5a890 Exception <a 'java/lang/NullPointerException'{0x000000070b48cd20}> (0x000000070b48cd20) 
thrown [s\open\src\hotspot\share\interpreter\linkResolver.cpp, line 1458]
Event: 17.222 Thread 0x00000146d3a5a890 Implicit null exception at 0x00000146bb2d70c0 to 0x00000146bb2d75d4
Event: 17.222 Thread 0x00000146d3a5a890 Implicit null exception at 0x00000146bb2ccfb3 to 0x00000146bb2cd610
Event: 23.581 Thread 0x00000146d3a5a890 Exception <a 'java/lang/ArrayIndexOutOfBoundsException'{0x000000070ae87838}: Index 255 out of bounds for length 255> (0x000000070ae87838) 
thrown [s\open\src\hotspot\share\interpreter\interpreterRuntime.cpp, line 432]

VM Operations (20 events):
Event: 12.063 Executing VM operation: Cleanup
Event: 12.063 Executing VM operation: Cleanup done
Event: 13.063 Executing VM operation: Cleanup
Event: 13.064 Executing VM operation: Cleanup done
Event: 14.064 Executing VM operation: Cleanup
Event: 14.064 Executing VM operation: Cleanup done
Event: 15.064 Executing VM operation: Cleanup
Event: 15.065 Executing VM operation: Cleanup done
Event: 16.065 Executing VM operation: Cleanup
Event: 16.065 Executing VM operation: Cleanup done
Event: 17.065 Executing VM operation: Cleanup
Event: 17.066 Executing VM operation: Cleanup done
Event: 18.066 Executing VM operation: Cleanup
Event: 18.066 Executing VM operation: Cleanup done
Event: 24.071 Executing VM operation: Cleanup
Event: 24.071 Executing VM operation: Cleanup done
Event: 27.072 Executing VM operation: Cleanup
Event: 27.072 Executing VM operation: Cleanup done
Event: 28.073 Executing VM operation: Cleanup
Event: 28.073 Executing VM operation: Cleanup done

Events (20 events):
Event: 6.533 Thread 0x00000146cee14c60 Thread added: 0x00000146cee14c60
Event: 6.755 Thread 0x00000146d42f7b30 Thread added: 0x00000146d42f7b30
Event: 6.976 Thread 0x00000146cee14c60 Thread exited: 0x00000146cee14c60
Event: 7.041 Thread 0x00000146cee14140 Thread added: 0x00000146cee14140
Event: 7.075 Thread 0x00000146cee14c60 Thread added: 0x00000146cee14c60
Event: 7.543 Thread 0x00000146cee14c60 Thread exited: 0x00000146cee14c60
Event: 7.543 Thread 0x00000146cee14140 Thread exited: 0x00000146cee14140
Event: 12.544 Thread 0x00000146cee14c60 Thread added: 0x00000146cee14c60
Event: 12.700 Thread 0x00000146cee14c60 Thread exited: 0x00000146cee14c60
Event: 23.562 Thread 0x00000146d3075ea0 Thread added: 0x00000146d3075ea0
Event: 23.614 Thread 0x00000146d3070ef0 Thread added: 0x00000146d3070ef0
Event: 24.615 Thread 0x00000146d3070ef0 Thread exited: 0x00000146d3070ef0
Event: 27.544 Thread 0x00000146d42f7b30 Thread exited: 0x00000146d42f7b30
Event: 27.977 Thread 0x00000146d3ab9ab0 Thread exited: 0x00000146d3ab9ab0
Event: 27.977 Thread 0x00000146ab6b0850 Thread exited: 0x00000146ab6b0850
Event: 27.977 Thread 0x00000146d30763f0 Thread added: 0x00000146d30763f0
Event: 27.978 Thread 0x00000146d3a5a890 Thread exited: 0x00000146d3a5a890
Event: 27.992 Thread 0x00000146d34c5ce0 Thread exited: 0x00000146d34c5ce0
Event: 29.056 Thread 0x00000146d3076e90 Thread added: 0x00000146d3076e90
Event: 30.315 Thread 0x00000146d3076e90 Thread exited: 0x00000146d3076e90


Dynamic libraries:
0x00007ff6c2ec0000 - 0x00007ff6c2ed0000 	C:\Program Files\Java\jdk-19\bin\javaw.exe
0x00007ffd65bf0000 - 0x00007ffd65e04000 	C:\WINDOWS\SYSTEM32\ntdll.dll
0x00007ffd64550000 - 0x00007ffd64613000 	C:\WINDOWS\System32\KERNEL32.DLL
0x00007ffd630d0000 - 0x00007ffd6346c000 	C:\WINDOWS\System32\KERNELBASE.dll
0x00007ffd63630000 - 0x00007ffd63741000 	C:\WINDOWS\System32\ucrtbase.dll
0x00007ffd59cc0000 - 0x00007ffd59cd8000 	C:\Program Files\Java\jdk-19\bin\jli.dll
0x00007ffd58e30000 - 0x00007ffd58e4b000 	C:\Program Files\Java\jdk-19\bin\VCRUNTIME140.dll
0x00007ffd654f0000 - 0x00007ffd6559e000 	C:\WINDOWS\System32\ADVAPI32.dll
0x00007ffd64bc0000 - 0x00007ffd64c67000 	C:\WINDOWS\System32\msvcrt.dll
0x00007ffd641f0000 - 0x00007ffd64294000 	C:\WINDOWS\System32\sechost.dll
0x00007ffd65600000 - 0x00007ffd65715000 	C:\WINDOWS\System32\RPCRT4.dll
0x00007ffd643a0000 - 0x00007ffd6454d000 	C:\WINDOWS\System32\USER32.dll
0x00007ffd630a0000 - 0x00007ffd630c6000 	C:\WINDOWS\System32\win32u.dll
0x00007ffd4fb20000 - 0x00007ffd4fdae000 	C:\WINDOWS\WinSxS\amd64_microsoft.windows.common-controls_6595b64144ccf1df_6.0.22621.608_none_a9444ca7c10bb01d\COMCTL32.dll
0x00007ffd654c0000 - 0x00007ffd654e9000 	C:\WINDOWS\System32\GDI32.dll
0x00007ffd63510000 - 0x00007ffd63623000 	C:\WINDOWS\System32\gdi32full.dll
0x00007ffd63470000 - 0x00007ffd6350a000 	C:\WINDOWS\System32\msvcp_win.dll
0x00007ffd59530000 - 0x00007ffd5953a000 	C:\WINDOWS\SYSTEM32\VERSION.dll
0x00007ffd64860000 - 0x00007ffd64891000 	C:\WINDOWS\System32\IMM32.DLL
0x00007ffd59500000 - 0x00007ffd5950c000 	C:\Program Files\Java\jdk-19\bin\vcruntime140_1.dll
0x00007ffd2d740000 - 0x00007ffd2d7ce000 	C:\Program Files\Java\jdk-19\bin\msvcp140.dll
0x00007ffce1630000 - 0x00007ffce22f0000 	C:\Program Files\Java\jdk-19\bin\server\jvm.dll
0x00007ffd46b50000 - 0x00007ffd46b59000 	C:\WINDOWS\SYSTEM32\WSOCK32.dll
0x00007ffd4fdb0000 - 0x00007ffd4fde4000 	C:\WINDOWS\SYSTEM32\WINMM.dll
0x00007ffd64a30000 - 0x00007ffd64aa1000 	C:\WINDOWS\System32\WS2_32.dll
0x00007ffd62130000 - 0x00007ffd62148000 	C:\WINDOWS\SYSTEM32\kernel.appcore.dll
0x00007ffd58d30000 - 0x00007ffd58d3a000 	C:\Program Files\Java\jdk-19\bin\jimage.dll
0x00007ffd60910000 - 0x00007ffd60b3e000 	C:\WINDOWS\SYSTEM32\DBGHELP.DLL
0x00007ffd63e40000 - 0x00007ffd641c9000 	C:\WINDOWS\System32\combase.dll
0x00007ffd64950000 - 0x00007ffd64a27000 	C:\WINDOWS\System32\OLEAUT32.dll
0x00007ffd57080000 - 0x00007ffd570b2000 	C:\WINDOWS\SYSTEM32\dbgcore.DLL
0x00007ffd638c0000 - 0x00007ffd6393b000 	C:\WINDOWS\System32\bcryptPrimitives.dll
0x00007ffd55d70000 - 0x00007ffd55d96000 	C:\Program Files\Java\jdk-19\bin\java.dll
0x00007ffd23140000 - 0x00007ffd23217000 	C:\Program Files\Java\jdk-19\bin\jsvml.dll
0x00007ffd64c70000 - 0x00007ffd65460000 	C:\WINDOWS\System32\SHELL32.dll
0x00007ffd61000000 - 0x00007ffd618ce000 	C:\WINDOWS\SYSTEM32\windows.storage.dll
0x00007ffd60ec0000 - 0x00007ffd60ffe000 	C:\WINDOWS\SYSTEM32\wintypes.dll
0x00007ffd63ba0000 - 0x00007ffd63c91000 	C:\WINDOWS\System32\SHCORE.dll
0x00007ffd64ab0000 - 0x00007ffd64b0e000 	C:\WINDOWS\System32\shlwapi.dll
0x00007ffd62f60000 - 0x00007ffd62f81000 	C:\WINDOWS\SYSTEM32\profapi.dll
0x00007ffd52430000 - 0x00007ffd52443000 	C:\Program Files\Java\jdk-19\bin\net.dll
0x00007ffd5d870000 - 0x00007ffd5d99f000 	C:\WINDOWS\SYSTEM32\WINHTTP.dll
0x00007ffd625c0000 - 0x00007ffd62629000 	C:\WINDOWS\system32\mswsock.dll
0x00007ffd485e0000 - 0x00007ffd485f6000 	C:\Program Files\Java\jdk-19\bin\nio.dll
0x00007ffd3e140000 - 0x00007ffd3e158000 	C:\Program Files\Java\jdk-19\bin\zip.dll
0x00000146cef40000 - 0x00000146cef43000 	C:\Program Files\Java\javafx-sdk-19.0.2.1\bin\api-ms-win-core-console-l1-1-0.dll
0x00000146cef50000 - 0x00000146cef53000 	C:\Program Files\Java\javafx-sdk-19.0.2.1\bin\api-ms-win-core-console-l1-2-0.dll
0x00000146cef60000 - 0x00000146cef63000 	C:\Program Files\Java\javafx-sdk-19.0.2.1\bin\api-ms-win-core-datetime-l1-1-0.dll
0x00000146cef70000 - 0x00000146cef73000 	C:\Program Files\Java\javafx-sdk-19.0.2.1\bin\api-ms-win-core-debug-l1-1-0.dll
0x00000146cef80000 - 0x00000146cef83000 	C:\Program Files\Java\javafx-sdk-19.0.2.1\bin\api-ms-win-core-errorhandling-l1-1-0.dll
0x00000146cef90000 - 0x00000146cef94000 	C:\Program Files\Java\javafx-sdk-19.0.2.1\bin\api-ms-win-core-file-l1-1-0.dll
0x00000146cefa0000 - 0x00000146cefa3000 	C:\Program Files\Java\javafx-sdk-19.0.2.1\bin\api-ms-win-core-file-l1-2-0.dll
0x00000146cefb0000 - 0x00000146cefb3000 	C:\Program Files\Java\javafx-sdk-19.0.2.1\bin\api-ms-win-core-file-l2-1-0.dll
0x00000146cefc0000 - 0x00000146cefc3000 	C:\Program Files\Java\javafx-sdk-19.0.2.1\bin\api-ms-win-core-handle-l1-1-0.dll
0x00000146cefd0000 - 0x00000146cefd3000 	C:\Program Files\Java\javafx-sdk-19.0.2.1\bin\api-ms-win-core-heap-l1-1-0.dll
0x00000146cefe0000 - 0x00000146cefe3000 	C:\Program Files\Java\javafx-sdk-19.0.2.1\bin\api-ms-win-core-interlocked-l1-1-0.dll
0x00000146ceff0000 - 0x00000146ceff3000 	C:\Program Files\Java\javafx-sdk-19.0.2.1\bin\api-ms-win-core-libraryloader-l1-1-0.dll
0x00000146d4bd0000 - 0x00000146d4bd3000 	C:\Program Files\Java\javafx-sdk-19.0.2.1\bin\api-ms-win-core-localization-l1-2-0.dll
0x00000146d4be0000 - 0x00000146d4be3000 	C:\Program Files\Java\javafx-sdk-19.0.2.1\bin\api-ms-win-core-memory-l1-1-0.dll
0x00000146d4bf0000 - 0x00000146d4bf3000 	C:\Program Files\Java\javafx-sdk-19.0.2.1\bin\api-ms-win-core-namedpipe-l1-1-0.dll
0x00000146d4c00000 - 0x00000146d4c03000 	C:\Program Files\Java\javafx-sdk-19.0.2.1\bin\api-ms-win-core-processenvironment-l1-1-0.dll
0x00000146d4c10000 - 0x00000146d4c13000 	C:\Program Files\Java\javafx-sdk-19.0.2.1\bin\api-ms-win-core-processthreads-l1-1-0.dll
0x00000146d4c20000 - 0x00000146d4c23000 	C:\Program Files\Java\javafx-sdk-19.0.2.1\bin\api-ms-win-core-processthreads-l1-1-1.dll
0x00000146d4c30000 - 0x00000146d4c33000 	C:\Program Files\Java\javafx-sdk-19.0.2.1\bin\api-ms-win-core-profile-l1-1-0.dll
0x00000146d4c40000 - 0x00000146d4c43000 	C:\Program Files\Java\javafx-sdk-19.0.2.1\bin\api-ms-win-core-rtlsupport-l1-1-0.dll
0x00000146d4c50000 - 0x00000146d4c53000 	C:\Program Files\Java\javafx-sdk-19.0.2.1\bin\api-ms-win-core-string-l1-1-0.dll
0x00000146d4c60000 - 0x00000146d4c63000 	C:\Program Files\Java\javafx-sdk-19.0.2.1\bin\api-ms-win-core-synch-l1-1-0.dll
0x00000146d4c70000 - 0x00000146d4c73000 	C:\Program Files\Java\javafx-sdk-19.0.2.1\bin\api-ms-win-core-synch-l1-2-0.dll
0x00000146d4c80000 - 0x00000146d4c83000 	C:\Program Files\Java\javafx-sdk-19.0.2.1\bin\api-ms-win-core-sysinfo-l1-1-0.dll
0x00000146d4c90000 - 0x00000146d4c93000 	C:\Program Files\Java\javafx-sdk-19.0.2.1\bin\api-ms-win-core-timezone-l1-1-0.dll
0x00000146d4ca0000 - 0x00000146d4ca3000 	C:\Program Files\Java\javafx-sdk-19.0.2.1\bin\api-ms-win-core-util-l1-1-0.dll
0x00000146d4cb0000 - 0x00000146d4cb3000 	C:\Program Files\Java\javafx-sdk-19.0.2.1\bin\api-ms-win-crt-conio-l1-1-0.dll
0x00000146d4cc0000 - 0x00000146d4cc4000 	C:\Program Files\Java\javafx-sdk-19.0.2.1\bin\api-ms-win-crt-convert-l1-1-0.dll
0x00000146d4cd0000 - 0x00000146d4cd3000 	C:\Program Files\Java\javafx-sdk-19.0.2.1\bin\api-ms-win-crt-environment-l1-1-0.dll
0x00000146d4ce0000 - 0x00000146d4ce3000 	C:\Program Files\Java\javafx-sdk-19.0.2.1\bin\api-ms-win-crt-filesystem-l1-1-0.dll
0x00000146d4cf0000 - 0x00000146d4cf3000 	C:\Program Files\Java\javafx-sdk-19.0.2.1\bin\api-ms-win-crt-heap-l1-1-0.dll
0x00000146d4d00000 - 0x00000146d4d03000 	C:\Program Files\Java\javafx-sdk-19.0.2.1\bin\api-ms-win-crt-locale-l1-1-0.dll
0x00000146d4d10000 - 0x00000146d4d15000 	C:\Program Files\Java\javafx-sdk-19.0.2.1\bin\api-ms-win-crt-math-l1-1-0.dll
0x00000146d4d20000 - 0x00000146d4d25000 	C:\Program Files\Java\javafx-sdk-19.0.2.1\bin\api-ms-win-crt-multibyte-l1-1-0.dll
0x00000146d4d30000 - 0x00000146d4d40000 	C:\Program Files\Java\javafx-sdk-19.0.2.1\bin\api-ms-win-crt-private-l1-1-0.dll
0x00000146d4d40000 - 0x00000146d4d43000 	C:\Program Files\Java\javafx-sdk-19.0.2.1\bin\api-ms-win-crt-process-l1-1-0.dll
0x00000146d4d50000 - 0x00000146d4d54000 	C:\Program Files\Java\javafx-sdk-19.0.2.1\bin\api-ms-win-crt-runtime-l1-1-0.dll
0x00000146d4d60000 - 0x00000146d4d64000 	C:\Program Files\Java\javafx-sdk-19.0.2.1\bin\api-ms-win-crt-stdio-l1-1-0.dll
0x00000146d4d70000 - 0x00000146d4d74000 	C:\Program Files\Java\javafx-sdk-19.0.2.1\bin\api-ms-win-crt-string-l1-1-0.dll
0x00000146d4d80000 - 0x00000146d4d83000 	C:\Program Files\Java\javafx-sdk-19.0.2.1\bin\api-ms-win-crt-time-l1-1-0.dll
0x00000146d4d90000 - 0x00000146d4d93000 	C:\Program Files\Java\javafx-sdk-19.0.2.1\bin\api-ms-win-crt-utility-l1-1-0.dll
0x00007ffd1b0f0000 - 0x00007ffd1b1ec000 	C:\Program Files\Java\javafx-sdk-19.0.2.1\bin\ucrtbase.dll
0x00007ffd52450000 - 0x00007ffd5246b000 	C:\Program Files\Java\javafx-sdk-19.0.2.1\bin\vcruntime140.dll
0x00007ffd55940000 - 0x00007ffd5594c000 	C:\Program Files\Java\javafx-sdk-19.0.2.1\bin\vcruntime140_1.dll
0x00007ffd1bc80000 - 0x00007ffd1bd0e000 	C:\Program Files\Java\javafx-sdk-19.0.2.1\bin\msvcp140.dll
0x00007ffd52510000 - 0x00007ffd52519000 	C:\Program Files\Java\javafx-sdk-19.0.2.1\bin\msvcp140_1.dll
0x00007ffd2bc00000 - 0x00007ffd2bc30000 	C:\Program Files\Java\javafx-sdk-19.0.2.1\bin\msvcp140_2.dll
0x00007ffd2b810000 - 0x00007ffd2b83c000 	C:\Program Files\Java\javafx-sdk-19.0.2.1\bin\prism_d3d.dll
0x00007ffd20980000 - 0x00007ffd20b29000 	C:\WINDOWS\system32\d3d9.dll
0x00007ffd605f0000 - 0x00007ffd6061b000 	C:\WINDOWS\SYSTEM32\dwmapi.dll
0x00007ffd603b0000 - 0x00007ffd603e6000 	C:\WINDOWS\SYSTEM32\dxcore.dll
0x00007ffd602d0000 - 0x00007ffd6037b000 	C:\WINDOWS\system32\uxtheme.dll
0x00007ffd63ca0000 - 0x00007ffd63e3c000 	C:\WINDOWS\System32\ole32.dll
0x00007ffd62d20000 - 0x00007ffd62d6e000 	C:\WINDOWS\SYSTEM32\CFGMGR32.dll
0x00007ffd54bd0000 - 0x00007ffd54c19000 	C:\WINDOWS\SYSTEM32\directxdatabasehelper.dll
0x00007ffd2b660000 - 0x00007ffd2b6a2000 	C:\Program Files\Java\javafx-sdk-19.0.2.1\bin\glass.dll
0x00007ffd642a0000 - 0x00007ffd64397000 	C:\WINDOWS\System32\COMDLG32.dll
0x00007ffd63a80000 - 0x00007ffd63b9e000 	C:\WINDOWS\System32\MSCTF.dll
0x00007ffd19b50000 - 0x00007ffd19c3f000 	C:\Users\bhavya\.javacpp\cache\opencv-3.2.0-1.3-windows-x86_64.jar\org\bytedeco\javacpp\windows-x86_64\msvcr120.dll
0x00007ffd17720000 - 0x00007ffd177c6000 	C:\Users\bhavya\.javacpp\cache\opencv-3.2.0-1.3-windows-x86_64.jar\org\bytedeco\javacpp\windows-x86_64\msvcp120.dll
0x00007ffcf68c0000 - 0x00007ffcf6b48000 	C:\Users\bhavya\.javacpp\cache\opencv-3.2.0-1.3-windows-x86_64.jar\org\bytedeco\javacpp\windows-x86_64\opencv_core320.dll
0x00007ffcf6550000 - 0x00007ffcf68b2000 	C:\Users\bhavya\.javacpp\cache\opencv-3.2.0-1.3-windows-x86_64.jar\org\bytedeco\javacpp\windows-x86_64\opencv_imgproc320.dll
0x00007ffcf6300000 - 0x00007ffcf654a000 	C:\Users\bhavya\.javacpp\cache\opencv-3.2.0-1.3-windows-x86_64.jar\org\bytedeco\javacpp\windows-x86_64\jniopencv_core.dll
0x00007ffd65720000 - 0x00007ffd65728000 	C:\WINDOWS\System32\PSAPI.DLL
0x00007ffcfe2a0000 - 0x00007ffcfe431000 	C:\Program Files\Java\jdk-19\bin\awt.dll
0x00007ffd601d0000 - 0x00007ffd60267000 	C:\WINDOWS\SYSTEM32\apphelp.dll
0x00007ffd2b5d0000 - 0x00007ffd2b5e4000 	C:\Program Files\Java\javafx-sdk-19.0.2.1\bin\javafx_font.dll
0x00007ffd5f000000 - 0x00007ffd5f267000 	C:\WINDOWS\SYSTEM32\dwrite.dll
0x00007ffd648a0000 - 0x00007ffd64950000 	C:\WINDOWS\System32\clbcatq.dll
0x00007ffd5e800000 - 0x00007ffd5e9b0000 	C:\WINDOWS\SYSTEM32\WindowsCodecs.dll
0x00007ffd23fc0000 - 0x00007ffd2401e000 	C:\WINDOWS\system32\dataexchange.dll
0x00007ffd3ef00000 - 0x00007ffd3f16a000 	C:\WINDOWS\system32\twinapi.appcore.dll
0x00007ffd3d8b0000 - 0x00007ffd3d9de000 	C:\WINDOWS\SYSTEM32\textinputframework.dll
0x00007ffd60010000 - 0x00007ffd60143000 	C:\WINDOWS\SYSTEM32\CoreMessaging.dll
0x00007ffd3c340000 - 0x00007ffd3c6ac000 	C:\WINDOWS\SYSTEM32\CoreUIComponents.dll
0x00007ffd62860000 - 0x00007ffd6286c000 	C:\WINDOWS\SYSTEM32\CRYPTBASE.DLL
0x00007ffd1dcf0000 - 0x00007ffd1dd1d000 	C:\Program Files\Java\javafx-sdk-19.0.2.1\bin\javafx_iio.dll
0x00007ffd5f270000 - 0x00007ffd5f831000 	C:\WINDOWS\SYSTEM32\d2d1.dll
0x00007ffd5e9b0000 - 0x00007ffd5ec07000 	C:\WINDOWS\SYSTEM32\d3d11.dll
0x00007ffd60400000 - 0x00007ffd604f7000 	C:\WINDOWS\SYSTEM32\dxgi.dll
0x00007ffd3b350000 - 0x00007ffd3ba61000 	C:\WINDOWS\SYSTEM32\D3D10Warp.dll
0x00007ffd15640000 - 0x00007ffd15730000 	C:\Users\bhavya\.javacpp\cache\opencv-3.2.0-1.3-windows-x86_64.jar\org\bytedeco\javacpp\windows-x86_64\jniopencv_imgproc.dll
0x00007ffcf6030000 - 0x00007ffcf62fa000 	C:\Users\bhavya\.javacpp\cache\opencv-3.2.0-1.3-windows-x86_64.jar\org\bytedeco\javacpp\windows-x86_64\opencv_imgcodecs320.dll

dbghelp: loaded successfully - version: 4.0.5 - missing functions: none
symbol engine: initialized successfully - sym options: 0x614 - pdb path: .;C:\Program Files\Java\jdk-19\bin;C:\WINDOWS\SYSTEM32;C:\WINDOWS\WinSxS\amd64_microsoft.windows.common-controls_6595b64144ccf1df_6.0.22621.608_none_a9444ca7c10bb01d;C:\Program Files\Java\jdk-19\bin\server;C:\Program Files\Java\javafx-sdk-19.0.2.1\bin;C:\Windows\System32\DriverStore\FileRepository\iigd_dch.inf_amd64_2ce3ffa204f4b311;C:\Users\bhavya\.javacpp\cache\opencv-3.2.0-1.3-windows-x86_64.jar\org\bytedeco\javacpp\windows-x86_64;C:\Program Files\Common Files\Microsoft Shared\Ink;C:\WINDOWS\WinSxS\amd64_microsoft.windows.gdiplus_6595b64144ccf1df_1.1.22621.819_none_da30437f1b9d3de1

VM Arguments:
jvm_args: --module-path=C:\Program Files\Java\javafx-sdk-19.0.2.1\lib --add-modules=javafx.controls,javafx.fxml -Djava.library.path=C:\Users\Administrator\Desktop\opencv\build\java\x64 -Dfile.encoding=UTF-8 -XX:+ShowCodeDetailsInExceptionMessages 
java_command: application.Main
java_class_path (initial): C:\Users\bhavya\git\ExoVisix\target\classes;C:\Program Files\Java\javafx-sdk-19.0.2.1\lib\javafx-swt.jar;C:\Program Files\Java\javafx-sdk-19.0.2.1\lib\javafx.base.jar;C:\Program Files\Java\javafx-sdk-19.0.2.1\lib\javafx.controls.jar;C:\Program Files\Java\javafx-sdk-19.0.2.1\lib\javafx.fxml.jar;C:\Program Files\Java\javafx-sdk-19.0.2.1\lib\javafx.graphics.jar;C:\Program Files\Java\javafx-sdk-19.0.2.1\lib\javafx.media.jar;C:\Program Files\Java\javafx-sdk-19.0.2.1\lib\javafx.swing.jar;C:\Program Files\Java\javafx-sdk-19.0.2.1\lib\javafx.web.jar;C:\Users\bhavya\.p2\pool\plugins\org.eclipse.fx.ide.css.jfx8_3.8.0.202204150904.jar;C:\Users\bhavya\git\ExoVisix\bin\opencv-341.jar;C:\Users\bhavya\.m2\repository\org\bytedeco\javacv-platform\1.3.2\javacv-platform-1.3.2.jar;C:\Users\bhavya\.m2\repository\org\bytedeco\javacv\1.3.2\javacv-1.3.2.jar;C:\Users\bhavya\.m2\repository\org\bytedeco\javacpp\1.3.2\javacpp-1.3.2.jar;C:\Users\bhavya\.m2\repository\org\bytedeco\javacpp-presets\opencv\3.2.0-1.3\opencv-3.2.0-1.3.jar;C:\Users\bhavya\.m2\repository\org\bytedeco\javacpp-presets\ffmpeg\3.2.1-1.3\ffmpeg-3.2.1-1.3.jar;C:\Users\bhavya\.m2\repository\org\bytedeco\javacpp-presets\flycapture\2.9.3.43-1.3\flycapture-2.9.3.43-1.3.jar;C:\Users\bhavya\.m2\repository\org\bytedeco\javacpp-presets\libdc1394\2.2.4-1.3\libdc1394-2.2.4-1.3.jar;C:\Users\bhavya\.m2\repository\org\bytedeco\javacpp-presets\libfreenect\0.5.3-1.3\libfreenect-0.5.3-1.3.jar;C:\Users\bhavya\.m2\repository\org\bytedeco\javacpp-presets\libfreenect2\0.2.0-1.3\libfreenect2-0.2.0-1.3.jar;C:\Users\bhavya\.m2\repository\org\bytedeco\javacpp-presets\librealsense\1.9.6-1.3\librealsense-1.9.6-1.3.jar;C:\Users\bhavya\.m2\repository\org\bytedeco\javacpp-presets\videoinput\0.200-1.3\videoinput-0.200-1.3.jar;C:\Users\bhavya\.m2\repository\org\bytedeco\javacpp-presets\artoolkitplus\2.3.1-1.3\artoolkitplus-2.3.1-1.3.jar;C:\Users\bhavya\.m2\repository\org\bytedeco\javacpp-presets\flandmark\1.07-1.3\flandmark-1.07-1.3.jar;C:\Users\bhavya\.m2\repository\org\bytedeco\javacpp-presets\opencv-platform\3.2.0-1.3\opencv-platform-3.2.0-1.3.jar;C:\Users\bhavya\.m2\repository\org\bytedeco\javacpp-presets\opencv\3.2.0-1.3\opencv-3.2.0-1.3-android-arm.jar;C:\Users\bhavya\.m2\repository\org\bytedeco\javacpp-presets\opencv\3.2.0-1.3\opencv-3.2.0-1.3-android-x86.jar;C:\Users\bhavya\.m2\repository\org\bytedeco\javacpp-presets\opencv\3.2.0-1.3\opencv-3.2.0-1.3-linux-x86.jar;C:\Users\bhavya\.m2\repository\org\bytedeco\javacpp-presets\opencv\3.2.0-1.3\opencv-3.2.0-1.3-linux-x86_64.jar;C:\Users\bhavya\.m2\repository\org\bytedeco\javacpp-presets\opencv\3.2.0-1.3\opencv-3.2.0-1.3-linux-armhf.jar;C:\Users\bhavya\.m2\repository\org\bytedeco\javacpp-presets\opencv\3.2.0-1.3\opencv-3.2.0-1.3-linux-ppc64le.jar;C:\Users\bhavya\.m2\repository\org\bytedeco\javacpp-presets\opencv\3.2.0-1.3\opencv-3.2.0-1.3-macosx-x86_64.jar;C:\Users\bhavya\.m2\repository\org\bytedeco\javacpp-presets\opencv\3.2.0-1.3\opencv-3.2.0-1.3-windows-x86.jar;C:\Users\bhavya\.m2\repository\org\bytedeco\javacpp-presets\opencv\3.2.0-1.3\opencv-3.2.0-1.3-windows-x86_64.jar;C:\Users\bhavya\.m2\repository\org\bytedeco\javacpp-presets\ffmpeg-platform\3.2.1-1.3\ffmpeg-platform-3.2.1-1.3.jar;C:\Users\bhavya\.m2\repository\org\bytedeco\javacpp-presets\ffmpeg\3.2.1-1.3\ffmpeg-3.2.1-1.3-android-arm.jar;C:\Users\bhavya\.m2\repository\org\bytedeco\javacpp-presets\ffmpeg\3.2.1-1.3\ffmpeg-3.2.1-1.3-android-x86.jar;C:\Users\bhavya\.m2\repository\org\bytedeco\javacpp-presets\ffmpeg\3.2.1-1.3\ffmpeg-3.2.1-1.3-linux-x86.jar;C:\Users\bhavya\.m2\repository\org\bytedeco\javacpp-presets\ffmpeg\3.2.1-1.3\ffmpeg-3.2.1-1.3-linux-x86_64.jar;C:\Users\bhavya\.m2\repository\org\bytedeco\javacpp-presets\ffmpeg\3.2.1-1.3\ffmpeg-3.2.1-1.3-linux-armhf.jar;C:\Users\bhavya\.m2\repository\org\bytedeco\javacpp-presets\ffmpeg\3.2.1-1.3\ffmpeg-3.2.1-1.3-linux-ppc64le.jar;C:\Users\bhavya\.m2\repository\org\bytedeco\javacpp-presets\ffmpeg\3.2.1-1.3\ffmpeg-3.2.1-1.3-macosx-x86_64.jar;C:\Users\bhavya\.m2\repository\org\bytedeco\javacpp-presets\ffmpeg\3.2.1-1.3\ffmpeg-3.2.1-1.3-windows-x86.jar;C:\Users\bhavya\.m2\repository\org\bytedeco\javacpp-presets\ffmpeg\3.2.1-1.3\ffmpeg-3.2.1-1.3-windows-x86_64.jar;C:\Users\bhavya\.m2\repository\org\bytedeco\javacpp-presets\flycapture-platform\2.9.3.43-1.3\flycapture-platform-2.9.3.43-1.3.jar;C:\Users\bhavya\.m2\repository\org\bytedeco\javacpp-presets\flycapture\2.9.3.43-1.3\flycapture-2.9.3.43-1.3-linux-x86.jar;C:\Users\bhavya\.m2\repository\org\bytedeco\javacpp-presets\flycapture\2.9.3.43-1.3\flycapture-2.9.3.43-1.3-linux-x86_64.jar;C:\Users\bhavya\.m2\repository\org\bytedeco\javacpp-presets\flycapture\2.9.3.43-1.3\flycapture-2.9.3.43-1.3-linux-armhf.jar;C:\Users\bhavya\.m2\repository\org\bytedeco\javacpp-presets\flycapture\2.9.3.43-1.3\flycapture-2.9.3.43-1.3-windows-x86.jar;C:\Users\bhavya\.m2\repository\org\bytedeco\javacpp-presets\flycapture\2.9.3.43-1.3\flycapture-2.9.3.43-1.3-windows-x86_64.jar;C:\Users\bhavya\.m2\repository\org\bytedeco\javacpp-presets\libdc1394-platform\2.2.4-1.3\libdc1394-platform-2.2.4-1.3.jar;C:\Users\bhavya\.m2\repository\org\bytedeco\javacpp-presets\libdc1394\2.2.4-1.3\libdc1394-2.2.4-1.3-linux-x86.jar;C:\Users\bhavya\.m2\repository\org\bytedeco\javacpp-presets\libdc1394\2.2.4-1.3\libdc1394-2.2.4-1.3-linux-x86_64.jar;C:\Users\bhavya\.m2\repository\org\bytedeco\javacpp-presets\libdc1394\2.2.4-1.3\libdc1394-2.2.4-1.3-linux-armhf.jar;C:\Users\bhavya\.m2\repository\org\bytedeco\javacpp-presets\libdc1394\2.2.4-1.3\libdc1394-2.2.4-1.3-linux-ppc64le.jar;C:\Users\bhavya\.m2\repository\org\bytedeco\javacpp-presets\libdc1394\2.2.4-1.3\libdc1394-2.2.4-1.3-macosx-x86_64.jar;C:\Users\bhavya\.m2\repository\org\bytedeco\javacpp-presets\libdc1394\2.2.4-1.3\libdc1394-2.2.4-1.3-windows-x86.jar;C:\Users\bhavya\.m2\repository\org\bytedeco\javacpp-presets\libdc1394\2.2.4-1.3\libdc1394-2.2.4-1.3-windows-x86_64.jar;C:\Users\bhavya\.m2\repository\org\bytedeco\javacpp-presets\libfreenect-platform\0.5.3-1.3\libfreenect-platform-0.5.3-1.3.jar;C:\Users\bhavya\.m2\repository\org\bytedeco\javacpp-presets\libfreenect\0.5.3-1.3\libfreenect-0.5.3-1.3-linux-x86.jar;C:\Users\bhavya\.m2\repository\org\bytedeco\javacpp-presets\libfreenect\0.5.3-1.3\libfreenect-0.5.3-1.3-linux-x86_64.jar;C:\Users\bhavya\.m2\repository\org\bytedeco\javacpp-presets\libfreenect\0.5.3-1.3\libfreenect-0.5.3-1.3-linux-armhf.jar;C:\Users\bhavya\.m2\repository\org\bytedeco\javacpp-presets\libfreenect\0.5.3-1.3\libfreenect-0.5.3-1.3-linux-ppc64le.jar;C:\Users\bhavya\.m2\repository\org\bytedeco\javacpp-presets\libfreenect\0.5.3-1.3\libfreenect-0.5.3-1.3-macosx-x86_64.jar;C:\Users\bhavya\.m2\repository\org\bytedeco\javacpp-presets\libfreenect\0.5.3-1.3\libfreenect-0.5.3-1.3-windows-x86.jar;C:\Users\bhavya\.m2\repository\org\bytedeco\javacpp-presets\libfreenect\0.5.3-1.3\libfreenect-0.5.3-1.3-windows-x86_64.jar;C:\Users\bhavya\.m2\repository\org\bytedeco\javacpp-presets\libfreenect2-platform\0.2.0-1.3\libfreenect2-platform-0.2.0-1.3.jar;C:\Users\bhavya\.m2\repository\org\bytedeco\javacpp-presets\libfreenect2\0.2.0-1.3\libfreenect2-0.2.0-1.3-linux-x86.jar;C:\Users\bhavya\.m2\repository\org\bytedeco\javacpp-presets\libfreenect2\0.2.0-1.3\libfreenect2-0.2.0-1.3-linux-x86_64.jar;C:\Users\bhavya\.m2\repository\org\bytedeco\javacpp-presets\librealsense-platform\1.9.6-1.3\librealsense-platform-1.9.6-1.3.jar;C:\Users\bhavya\.m2\repository\org\bytedeco\javacpp-presets\librealsense\1.9.6-1.3\librealsense-1.9.6-1.3-linux-x86.jar;C:\Users\bhavya\.m2\repository\org\bytedeco\javacpp-presets\librealsense\1.9.6-1.3\librealsense-1.9.6-1.3-linux-x86_64.jar;C:\Users\bhavya\.m2\repository\org\bytedeco\javacpp-presets\videoinput-platform\0.200-1.3\videoinput-platform-0.200-1.3.jar;C:\Users\bhavya\.m2\repository\org\bytedeco\javacpp-presets\videoinput\0.200-1.3\videoinput-0.200-1.3-windows-x86.jar;C:\Users\bhavya\.m2\repository\org\bytedeco\javacpp-presets\videoinput\0.200-1.3\videoinput-0.200-1.3-windows-x86_64.jar;C:\Users\bhavya\.m2\repository\org\bytedeco\javacpp-presets\artoolkitplus-platform\2.3.1-1.3\artoolkitplus-platform-2.3.1-1.3.jar;C:\Users\bhavya\.m2\repository\org\bytedeco\javacpp-presets\artoolkitplus\2.3.1-1.3\artoolkitplus-2.3.1-1.3-android-arm.jar;C:\Users\bhavya\.m2\repository\org\bytedeco\javacpp-presets\artoolkitplus\2.3.1-1.3\artoolkitplus-2.3.1-1.3-android-x86.jar;C:\Users\bhavya\.m2\repository\org\bytedeco\javacpp-presets\artoolkitplus\2.3.1-1.3\artoolkitplus-2.3.1-1.3-linux-x86.jar;C:\Users\bhavya\.m2\repository\org\bytedeco\javacpp-presets\artoolkitplus\2.3.1-1.3\artoolkitplus-2.3.1-1.3-linux-x86_64.jar;C:\Users\bhavya\.m2\repository\org\bytedeco\javacpp-presets\artoolkitplus\2.3.1-1.3\artoolkitplus-2.3.1-1.3-linux-armhf.jar;C:\Users\bhavya\.m2\repository\org\bytedeco\javacpp-presets\artoolkitplus\2.3.1-1.3\artoolkitplus-2.3.1-1.3-linux-ppc64le.jar;C:\Users\bhavya\.m2\repository\org\bytedeco\javacpp-presets\artoolkitplus\2.3.1-1.3\artoolkitplus-2.3.1-1.3-macosx-x86_64.jar;C:\Users\bhavya\.m2\repository\org\bytedeco\javacpp-presets\artoolkitplus\2.3.1-1.3\artoolkitplus-2.3.1-1.3-windows-x86.jar;C:\Users\bhavya\.m2\repository\org\bytedeco\javacpp-presets\artoolkitplus\2.3.1-1.3\artoolkitplus-2.3.1-1.3-windows-x86_64.jar;C:\Users\bhavya\.m2\repository\org\bytedeco\javacpp-presets\flandmark-platform\1.07-1.3\flandmark-platform-1.07-1.3.jar;C:\Users\bhavya\.m2\repository\org\bytedeco\javacpp-presets\flandmark\1.07-1.3\flandmark-1.07-1.3-android-arm.jar;C:\Users\bhavya\.m2\repository\org\bytedeco\javacpp-presets\flandmark\1.07-1.3\flandmark-1.07-1.3-android-x86.jar;C:\Users\bhavya\.m2\repository\org\bytedeco\javacpp-presets\flandmark\1.07-1.3\flandmark-1.07-1.3-linux-x86.jar;C:\Users\bhavya\.m2\repository\org\bytedeco\javacpp-presets\flandmark\1.07-1.3\flandmark-1.07-1.3-linux-x86_64.jar;C:\Users\bhavya\.m2\repository\org\bytedeco\javacpp-presets\flandmark\1.07-1.3\flandmark-1.07-1.3-linux-armhf.jar;C:\Users\bhavya\.m2\repository\org\bytedeco\javacpp-presets\flandmark\1.07-1.3\flandmark-1.07-1.3-linux-ppc64le.jar;C:\Users\bhavya\.m2\repository\org\bytedeco\javacpp-presets\flandmark\1.07-1.3\flandmark-1.07-1.3-macosx-x86_64.jar;C:\Users\bhavya\.m2\repository\org\bytedeco\javacpp-presets\flandmark\1.07-1.3\flandmark-1.07-1.3-windows-x86.jar;C:\Users\bhavya\.m2\repository\org\bytedeco\javacpp-presets\flandmark\1.07-1.3\flandmark-1.07-1.3-windows-x86_64.jar;C:\Users\bhavya\.m2\repository\mysql\mysql-connector-java\5.1.14\mysql-connector-java-5.1.14.jar;C:\Users\bhavya\.m2\repository\org\bytedeco\javacpp-presets\tesseract-platform\3.04.01-1.3\tesseract-platform-3.04.01-1.3.jar;C:\Users\bhavya\.m2\repository\org\bytedeco\javacpp-presets\leptonica-platform\1.73-1.3\leptonica-platform-1.73-1.3.jar;C:\Users\bhavya\.m2\repository\org\bytedeco\javacpp-presets\leptonica\1.73-1.3\leptonica-1.73-1.3.jar;C:\Users\bhavya\.m2\repository\org\bytedeco\javacpp-presets\leptonica\1.73-1.3\leptonica-1.73-1.3-android-arm.jar;C:\Users\bhavya\.m2\repository\org\bytedeco\javacpp-presets\leptonica\1.73-1.3\leptonica-1.73-1.3-android-x86.jar;C:\Users\bhavya\.m2\repository\org\bytedeco\javacpp-presets\leptonica\1.73-1.3\leptonica-1.73-1.3-linux-x86.jar;C:\Users\bhavya\.m2\repository\org\bytedeco\javacpp-presets\leptonica\1.73-1.3\leptonica-1.73-1.3-linux-x86_64.jar;C:\Users\bhavya\.m2\repository\org\bytedeco\javacpp-presets\leptonica\1.73-1.3\leptonica-1.73-1.3-linux-armhf.jar;C:\Users\bhavya\.m2\repository\org\bytedeco\javacpp-presets\leptonica\1.73-1.3\leptonica-1.73-1.3-linux-ppc64le.jar;C:\Users\bhavya\.m2\repository\org\bytedeco\javacpp-presets\leptonica\1.73-1.3\leptonica-1.73-1.3-macosx-x86_64.jar;C:\Users\bhavya\.m2\repository\org\bytedeco\javacpp-presets\leptonica\1.73-1.3\leptonica-1.73-1.3-windows-x86.jar;C:\Users\bhavya\.m2\repository\org\bytedeco\javacpp-presets\leptonica\1.73-1.3\leptonica-1.73-1.3-windows-x86_64.jar;C:\Users\bhavya\.m2\repository\org\bytedeco\javacpp-presets\tesseract\3.04.01-1.3\tesseract-3.04.01-1.3.jar;C:\Users\bhavya\.m2\repository\org\bytedeco\javacpp-presets\tesseract\3.04.01-1.3\tesseract-3.04.01-1.3-android-arm.jar;C:\Users\bhavya\.m2\repository\org\bytedeco\javacpp-presets\tesseract\3.04.01-1.3\tesseract-3.04.01-1.3-android-x86.jar;C:\Users\bhavya\.m2\repository\org\bytedeco\javacpp-presets\tesseract\3.04.01-1.3\tesseract-3.04.01-1.3-linux-x86.jar;C:\Users\bhavya\.m2\repository\org\bytedeco\javacpp-presets\tesseract\3.04.01-1.3\tesseract-3.04.01-1.3-linux-x86_64.jar;C:\Users\bhavya\.m2\repository\org\bytedeco\javacpp-presets\tesseract\3.04.01-1.3\tesseract-3.04.01-1.3-linux-armhf.jar;C:\Users\bhavya\.m2\repository\org\bytedeco\javacpp-presets\tesseract\3.04.01-1.3\tesseract-3.04.01-1.3-linux-ppc64le.jar;C:\Users\bhavya\.m2\repository\org\bytedeco\javacpp-presets\tesseract\3.04.01-1.3\tesseract-3.04.01-1.3-macosx-x86_64.jar;C:\Users\bhavya\.m2\repository\org\bytedeco\javacpp-presets\tesseract\3.04.01-1.3\tesseract-3.04.01-1.3-windows-x86.jar;C:\Users\bhavya\.m2\repository\org\bytedeco\javacpp-presets\tesseract\3.04.01-1.3\tesseract-3.04.01-1.3-windows-x86_64.jar
Launcher Type: SUN_STANDARD

[Global flags]
     intx CICompilerCount                          = 4                                         {product} {ergonomic}
     uint ConcGCThreads                            = 3                                         {product} {ergonomic}
     uint G1ConcRefinementThreads                  = 10                                        {product} {ergonomic}
   size_t G1HeapRegionSize                         = 2097152                                   {product} {ergonomic}
    uintx GCDrainStackTargetSize                   = 64                                        {product} {ergonomic}
   size_t InitialHeapSize                          = 266338304                                 {product} {ergonomic}
   size_t MarkStackSize                            = 4194304                                   {product} {ergonomic}
   size_t MaxHeapSize                              = 4238344192                                {product} {ergonomic}
   size_t MaxNewSize                               = 2541748224                                {product} {ergonomic}
   size_t MinHeapDeltaBytes                        = 2097152                                   {product} {ergonomic}
   size_t MinHeapSize                              = 8388608                                   {product} {ergonomic}
    uintx NonNMethodCodeHeapSize                   = 5839372                                {pd product} {ergonomic}
    uintx NonProfiledCodeHeapSize                  = 122909434                              {pd product} {ergonomic}
    uintx ProfiledCodeHeapSize                     = 122909434                              {pd product} {ergonomic}
    uintx ReservedCodeCacheSize                    = 251658240                              {pd product} {ergonomic}
     bool SegmentedCodeCache                       = true                                      {product} {ergonomic}
     bool ShowCodeDetailsInExceptionMessages       = true                                   {manageable} {command line}
   size_t SoftMaxHeapSize                          = 4238344192                             {manageable} {ergonomic}
     bool UseCompressedClassPointers               = true                           {product lp64_product} {ergonomic}
     bool UseCompressedOops                        = true                           {product lp64_product} {ergonomic}
     bool UseG1GC                                  = true                                      {product} {ergonomic}
     bool UseLargePagesIndividualAllocation        = false                                  {pd product} {ergonomic}

Logging:
Log output configuration:
 #0: stdout all=warning uptime,level,tags foldmultilines=false
 #1: stderr all=off uptime,level,tags foldmultilines=false

Environment Variables:
PATH=C:\Program Files\Common Files\Oracle\Java\javapath;C:\Program Files (x86)\Common Files\Intel\Shared Files\cpp\bin\Intel64;C:\oraclexe\app\oracle\product\11.2.0\server\bin;C:\Program Files (x86)\Common Files\Oracle\Java\javapath;C:\WINDOWS\system32;C:\WINDOWS;C:\WINDOWS\System32\Wbem;C:\WINDOWS\System32\WindowsPowerShell\v1.0\;C:\WINDOWS\System32\OpenSSH\;C:\Program Files (x86)\NVIDIA Corporation\PhysX\Common;C:\Program Files (x86)\dotnet\;C:\Program Files\dotnet\;C:\Program Files\Microsoft SQL Server\Client SDK\ODBC\170\Tools\Binn\;C:\Program Files (x86)\Microsoft SQL Server\150\Tools\Binn\;C:\Program Files\Microsoft SQL Server\150\Tools\Binn\;C:\Program Files\Microsoft SQL Server\150\DTS\Binn\;C:\Program Files\NVIDIA Corporation\NVIDIA NvDLISR;C:\WINDOWS\system32;C:\WINDOWS;C:\WINDOWS\System32\Wbem;C:\WINDOWS\System32\WindowsPowerShell\v1.0\;C:\WINDOWS\System32\OpenSSH\;C:\Program Files\Git\cmd;C:\ProgramData\chocolatey\bin;C:\Program Files (x86)\Microsoft SQL Server\160\Tools\Binn\;C:\Program Files\Microsoft SQL Server\160\Tools\Binn\;C:\Program Files\Microsoft SQL Server\160\DTS\Binn\;C:\Program Files (x86)\Microsoft SQL Server\160\DTS\Binn\;C:\Program Files\Azure Data Studio\bin;C:\Program Files\nodejs\;C:\Program Files\MySQL\MySQL Shell 8.0\bin\;C:\Users\bhavya\AppData\Local\Programs\Python\Python310\Scripts\;C:\Users\bhavya\AppData\Local\Programs\Python\Python310\;C:\Users\bhavya\AppData\Local\Microsoft\WindowsApps;C:\Users\bhavya\AppData\Local\Programs\Microsoft VS Code\bin;C:\msys64\mingw64\bin;c:\altera\10.1sp1\modelsim_ase\win32aloem;C:\Users\bhavya\Documents\flutter_windows_3.7.1-stable\flutter\bin;C:\tools\dart-sdk\bin;C:\Users\bhavya\AppData\Roaming\Pub\Cache\bin;;C:\Program Files\Azure Data Studio\bin;C:\Users\bhavya\AppData\Roaming\npm
USERNAME=bhavya
OS=Windows_NT
PROCESSOR_IDENTIFIER=Intel64 Family 6 Model 165 Stepping 2, GenuineIntel
TMP=C:\Users\bhavya\AppData\Local\Temp
TEMP=C:\Users\bhavya\AppData\Local\Temp



---------------  S Y S T E M  ---------------

OS:
 Windows 11 , 64 bit Build 22621 (10.0.22621.1344)
OS uptime: 2 days 23:16 hours
Hyper-V role detected

CPU: total 12 (initial active 12) (6 cores per cpu, 2 threads per core) family 6 model 165 stepping 2 microcode 0xe0, cx8, cmov, fxsr, ht, mmx, 3dnowpref, sse, sse2, sse3, ssse3, sse4.1, sse4.2, popcnt, lzcnt, tsc, tscinvbit, avx, avx2, aes, erms, clmul, bmi1, bmi2, adx, fma, vzeroupper, clflush, clflushopt, hv, rdtscp

Memory: 4k page, system-wide physical 16166M (6335M free)
TotalPageFile size 20006M (AvailPageFile size 3959M)
current process WorkingSet (physical memory assigned to process): 265M, peak: 370M
current process commit charge ("private bytes"): 399M, peak: 525M

vm_info: Java HotSpot(TM) 64-Bit Server VM (19.0.1+10-21) for windows-amd64 JRE (19.0.1+10-21), built on 2022-09-14T12:45:06Z by "mach5one" with MS VC++ 17.1 (VS2022)

END.
